warning: mathlib: repository './.lake/packages/mathlib' has local changes
warning: std: repository './.lake/packages/std' has local changes
warning: Qq: repository './.lake/packages/Qq' has local changes
warning: aesop: repository './.lake/packages/aesop' has local changes
warning: proofwidgets: repository './.lake/packages/proofwidgets' has local changes
warning: Cli: repository './.lake/packages/Cli' has local changes
error: > /home/athena/.elan/toolchains/leanprover--lean4---v4.3.0/bin/leanc -shared -o ./.lake/packages/std/.lake/build/lib/libStd-Lean-TagAttribute-1.so ./.lake/packages/std/.lake/build/ir/Std/Lean/TagAttribute.c.o -L./.lake/packages/std/.lake/build/lib
error: stderr:
ld.lld: error: ./.lake/packages/std/.lake/build/ir/Std/Lean/TagAttribute.c.o: unknown file type
clang: error: linker command failed with exit code 1 (use -v to see invocation)
error: external command `/home/athena/.elan/toolchains/leanprover--lean4---v4.3.0/bin/leanc` exited with code 1
error: > /home/athena/.elan/toolchains/leanprover--lean4---v4.3.0/bin/leanc -shared -o ./.lake/packages/std/.lake/build/lib/libStd-Tactic-OpenPrivate-1.so ./.lake/packages/std/.lake/build/ir/Std/Tactic/OpenPrivate.c.o -L./.lake/packages/std/.lake/build/lib
error: stderr:
ld.lld: error: ./.lake/packages/std/.lake/build/ir/Std/Tactic/OpenPrivate.c.o: unknown file type
clang: error: linker command failed with exit code 1 (use -v to see invocation)
error: external command `/home/athena/.elan/toolchains/leanprover--lean4---v4.3.0/bin/leanc` exited with code 1
error: > /home/athena/.elan/toolchains/leanprover--lean4---v4.3.0/bin/leanc -shared -o ./.lake/packages/std/.lake/build/lib/libStd-Util-ExtendedBinder-1.so ./.lake/packages/std/.lake/build/ir/Std/Util/ExtendedBinder.c.o -L./.lake/packages/std/.lake/build/lib
error: stderr:
ld.lld: error: ./.lake/packages/std/.lake/build/ir/Std/Util/ExtendedBinder.c.o: unknown file type
clang: error: linker command failed with exit code 1 (use -v to see invocation)
error: external command `/home/athena/.elan/toolchains/leanprover--lean4---v4.3.0/bin/leanc` exited with code 1
error: > /home/athena/.elan/toolchains/leanprover--lean4---v4.3.0/bin/leanc -shared -o ./.lake/packages/std/.lake/build/lib/libStd-Lean-Command-1.so ./.lake/packages/std/.lake/build/ir/Std/Lean/Command.c.o -L./.lake/packages/std/.lake/build/lib
error: stderr:
ld.lld: error: ./.lake/packages/std/.lake/build/ir/Std/Lean/Command.c.o: unknown file type
clang: error: linker command failed with exit code 1 (use -v to see invocation)
error: external command `/home/athena/.elan/toolchains/leanprover--lean4---v4.3.0/bin/leanc` exited with code 1
error: > /home/athena/.elan/toolchains/leanprover--lean4---v4.3.0/bin/leanc -shared -o ./.lake/packages/std/.lake/build/lib/libStd-Tactic-HaveI-1.so ./.lake/packages/std/.lake/build/ir/Std/Tactic/HaveI.c.o -L./.lake/packages/std/.lake/build/lib
error: stderr:
ld.lld: error: ./.lake/packages/std/.lake/build/ir/Std/Tactic/HaveI.c.o: unknown file type
clang: error: linker command failed with exit code 1 (use -v to see invocation)
error: external command `/home/athena/.elan/toolchains/leanprover--lean4---v4.3.0/bin/leanc` exited with code 1
error: > /home/athena/.elan/toolchains/leanprover--lean4---v4.3.0/bin/leanc -shared -o ./.lake/packages/std/.lake/build/lib/libStd-Tactic-Unreachable-1.so ./.lake/packages/std/.lake/build/ir/Std/Tactic/Unreachable.c.o -L./.lake/packages/std/.lake/build/lib
error: stderr:
ld.lld: error: ./.lake/packages/std/.lake/build/ir/Std/Tactic/Unreachable.c.o: unknown file type
clang: error: linker command failed with exit code 1 (use -v to see invocation)
error: external command `/home/athena/.elan/toolchains/leanprover--lean4---v4.3.0/bin/leanc` exited with code 1
error: > /home/athena/.elan/toolchains/leanprover--lean4---v4.3.0/bin/leanc -shared -o ./.lake/packages/std/.lake/build/lib/libStd-Data-Option-Init-Lemmas-1.so ./.lake/packages/std/.lake/build/ir/Std/Data/Option/Init/Lemmas.c.o -L./.lake/packages/std/.lake/build/lib
error: stderr:
ld.lld: error: ./.lake/packages/std/.lake/build/ir/Std/Data/Option/Init/Lemmas.c.o: unknown file type
clang: error: linker command failed with exit code 1 (use -v to see invocation)
error: external command `/home/athena/.elan/toolchains/leanprover--lean4---v4.3.0/bin/leanc` exited with code 1
error: > /home/athena/.elan/toolchains/leanprover--lean4---v4.3.0/bin/leanc -shared -o ./.lake/packages/std/.lake/build/lib/libStd-Lean-Position-1.so ./.lake/packages/std/.lake/build/ir/Std/Lean/Position.c.o -L./.lake/packages/std/.lake/build/lib
error: stderr:
ld.lld: error: ./.lake/packages/std/.lake/build/ir/Std/Lean/Position.c.o: unknown file type
clang: error: linker command failed with exit code 1 (use -v to see invocation)
error: external command `/home/athena/.elan/toolchains/leanprover--lean4---v4.3.0/bin/leanc` exited with code 1
error: > /home/athena/.elan/toolchains/leanprover--lean4---v4.3.0/bin/leanc -shared -o ./.lake/packages/std/.lake/build/lib/libStd-Lean-Tactic-1.so ./.lake/packages/std/.lake/build/ir/Std/Lean/Tactic.c.o -L./.lake/packages/std/.lake/build/lib
error: stderr:
ld.lld: error: ./.lake/packages/std/.lake/build/ir/Std/Lean/Tactic.c.o: unknown file type
clang: error: linker command failed with exit code 1 (use -v to see invocation)
error: external command `/home/athena/.elan/toolchains/leanprover--lean4---v4.3.0/bin/leanc` exited with code 1
error: > /home/athena/.elan/toolchains/leanprover--lean4---v4.3.0/bin/leanc -shared -o ./.lake/packages/std/.lake/build/lib/libStd-Lean-Name-1.so ./.lake/packages/std/.lake/build/ir/Std/Lean/Name.c.o -L./.lake/packages/std/.lake/build/lib
error: stderr:
ld.lld: error: ./.lake/packages/std/.lake/build/ir/Std/Lean/Name.c.o: unknown file type
clang: error: linker command failed with exit code 1 (use -v to see invocation)
error: external command `/home/athena/.elan/toolchains/leanprover--lean4---v4.3.0/bin/leanc` exited with code 1
error: > /home/athena/.elan/toolchains/leanprover--lean4---v4.3.0/bin/leanc -shared -o ./.lake/packages/std/.lake/build/lib/libStd-Lean-Float-1.so ./.lake/packages/std/.lake/build/ir/Std/Lean/Float.c.o -L./.lake/packages/std/.lake/build/lib
error: stderr:
ld.lld: error: ./.lake/packages/std/.lake/build/ir/Std/Lean/Float.c.o: unknown file type
clang: error: linker command failed with exit code 1 (use -v to see invocation)
error: external command `/home/athena/.elan/toolchains/leanprover--lean4---v4.3.0/bin/leanc` exited with code 1
error: > /home/athena/.elan/toolchains/leanprover--lean4---v4.3.0/bin/leanc -shared -o ./.lake/packages/std/.lake/build/lib/libStd-Tactic-ByCases-1.so ./.lake/packages/std/.lake/build/ir/Std/Tactic/ByCases.c.o -L./.lake/packages/std/.lake/build/lib
error: stderr:
ld.lld: error: ./.lake/packages/std/.lake/build/ir/Std/Tactic/ByCases.c.o: unknown file type
clang: error: linker command failed with exit code 1 (use -v to see invocation)
error: external command `/home/athena/.elan/toolchains/leanprover--lean4---v4.3.0/bin/leanc` exited with code 1
error: > /home/athena/.elan/toolchains/leanprover--lean4---v4.3.0/bin/leanc -shared -o ./.lake/packages/std/.lake/build/lib/libStd-Lean-Parser-1.so ./.lake/packages/std/.lake/build/ir/Std/Lean/Parser.c.o -L./.lake/packages/std/.lake/build/lib
error: stderr:
ld.lld: error: ./.lake/packages/std/.lake/build/ir/Std/Lean/Parser.c.o: unknown file type
clang: error: linker command failed with exit code 1 (use -v to see invocation)
error: external command `/home/athena/.elan/toolchains/leanprover--lean4---v4.3.0/bin/leanc` exited with code 1
error: > /home/athena/.elan/toolchains/leanprover--lean4---v4.3.0/bin/leanc -shared -o ./.lake/packages/std/.lake/build/lib/libStd-Util-TermUnsafe-1.so ./.lake/packages/std/.lake/build/ir/Std/Util/TermUnsafe.c.o -L./.lake/packages/std/.lake/build/lib
error: stderr:
ld.lld: error: ./.lake/packages/std/.lake/build/ir/Std/Util/TermUnsafe.c.o: unknown file type
clang: error: linker command failed with exit code 1 (use -v to see invocation)
error: external command `/home/athena/.elan/toolchains/leanprover--lean4---v4.3.0/bin/leanc` exited with code 1
error: > /home/athena/.elan/toolchains/leanprover--lean4---v4.3.0/bin/leanc -shared -o ./.lake/packages/std/.lake/build/lib/libStd-Lean-LocalContext-1.so ./.lake/packages/std/.lake/build/ir/Std/Lean/LocalContext.c.o -L./.lake/packages/std/.lake/build/lib
error: stderr:
ld.lld: error: ./.lake/packages/std/.lake/build/ir/Std/Lean/LocalContext.c.o: unknown file type
clang: error: linker command failed with exit code 1 (use -v to see invocation)
error: external command `/home/athena/.elan/toolchains/leanprover--lean4---v4.3.0/bin/leanc` exited with code 1
error: > /home/athena/.elan/toolchains/leanprover--lean4---v4.3.0/bin/leanc -shared -o ./.lake/packages/std/.lake/build/lib/libStd-Lean-NameMapAttribute-1.so ./.lake/packages/std/.lake/build/ir/Std/Lean/NameMapAttribute.c.o -L./.lake/packages/std/.lake/build/lib
error: stderr:
ld.lld: error: ./.lake/packages/std/.lake/build/ir/Std/Lean/NameMapAttribute.c.o: unknown file type
clang: error: linker command failed with exit code 1 (use -v to see invocation)
error: external command `/home/athena/.elan/toolchains/leanprover--lean4---v4.3.0/bin/leanc` exited with code 1
error: > /home/athena/.elan/toolchains/leanprover--lean4---v4.3.0/bin/leanc -shared -o ./.lake/packages/mathlib/.lake/build/lib/libMathlib-Lean-EnvExtension-1.so ./.lake/packages/mathlib/.lake/build/ir/Mathlib/Lean/EnvExtension.c.o -L./.lake/packages/mathlib/.lake/build/lib
error: stderr:
ld.lld: error: ./.lake/packages/mathlib/.lake/build/ir/Mathlib/Lean/EnvExtension.c.o: unknown file type
clang: error: linker command failed with exit code 1 (use -v to see invocation)
error: external command `/home/athena/.elan/toolchains/leanprover--lean4---v4.3.0/bin/leanc` exited with code 1
error: > /home/athena/.elan/toolchains/leanprover--lean4---v4.3.0/bin/leanc -shared -o ./.lake/packages/std/.lake/build/lib/libStd-Lean-InfoTree-1.so ./.lake/packages/std/.lake/build/ir/Std/Lean/InfoTree.c.o -L./.lake/packages/std/.lake/build/lib
error: stderr:
ld.lld: error: ./.lake/packages/std/.lake/build/ir/Std/Lean/InfoTree.c.o: unknown file type
clang: error: linker command failed with exit code 1 (use -v to see invocation)
error: external command `/home/athena/.elan/toolchains/leanprover--lean4---v4.3.0/bin/leanc` exited with code 1
error: > /home/athena/.elan/toolchains/leanprover--lean4---v4.3.0/bin/leanc -shared -o ./.lake/packages/mathlib/.lake/build/lib/libMathlib-Init-Data-Nat-Notation-1.so ./.lake/packages/mathlib/.lake/build/ir/Mathlib/Init/Data/Nat/Notation.c.o -L./.lake/packages/mathlib/.lake/build/lib
error: stderr:
ld.lld: error: ./.lake/packages/mathlib/.lake/build/ir/Mathlib/Init/Data/Nat/Notation.c.o: unknown file type
clang: error: linker command failed with exit code 1 (use -v to see invocation)
error: external command `/home/athena/.elan/toolchains/leanprover--lean4---v4.3.0/bin/leanc` exited with code 1
error: > /home/athena/.elan/toolchains/leanprover--lean4---v4.3.0/bin/leanc -shared -o ./.lake/packages/mathlib/.lake/build/lib/libMathlib-Util-MemoFix-1.so ./.lake/packages/mathlib/.lake/build/ir/Mathlib/Util/MemoFix.c.o -L./.lake/packages/mathlib/.lake/build/lib
error: stderr:
ld.lld: error: ./.lake/packages/mathlib/.lake/build/ir/Mathlib/Util/MemoFix.c.o: unknown file type
clang: error: linker command failed with exit code 1 (use -v to see invocation)
error: external command `/home/athena/.elan/toolchains/leanprover--lean4---v4.3.0/bin/leanc` exited with code 1
error: > /home/athena/.elan/toolchains/leanprover--lean4---v4.3.0/bin/leanc -shared -o ./.lake/packages/std/.lake/build/lib/libStd-Data-Fin-Init-Lemmas-1.so ./.lake/packages/std/.lake/build/ir/Std/Data/Fin/Init/Lemmas.c.o -L./.lake/packages/std/.lake/build/lib
error: stderr:
ld.lld: error: ./.lake/packages/std/.lake/build/ir/Std/Data/Fin/Init/Lemmas.c.o: unknown file type
clang: error: linker command failed with exit code 1 (use -v to see invocation)
error: external command `/home/athena/.elan/toolchains/leanprover--lean4---v4.3.0/bin/leanc` exited with code 1
error: > /home/athena/.elan/toolchains/leanprover--lean4---v4.3.0/bin/leanc -shared -o ./.lake/packages/std/.lake/build/lib/libStd-Lean-Expr-1.so ./.lake/packages/std/.lake/build/ir/Std/Lean/Expr.c.o -L./.lake/packages/std/.lake/build/lib
error: stderr:
ld.lld: error: ./.lake/packages/std/.lake/build/ir/Std/Lean/Expr.c.o: unknown file type
clang: error: linker command failed with exit code 1 (use -v to see invocation)
error: external command `/home/athena/.elan/toolchains/leanprover--lean4---v4.3.0/bin/leanc` exited with code 1
error: > /home/athena/.elan/toolchains/leanprover--lean4---v4.3.0/bin/leanc -shared -o ./.lake/packages/std/.lake/build/lib/libStd-Data-Array-Init-Basic-1.so ./.lake/packages/std/.lake/build/ir/Std/Data/Array/Init/Basic.c.o -L./.lake/packages/std/.lake/build/lib
error: stderr:
ld.lld: error: ./.lake/packages/std/.lake/build/ir/Std/Data/Array/Init/Basic.c.o: unknown file type
clang: error: linker command failed with exit code 1 (use -v to see invocation)
error: external command `/home/athena/.elan/toolchains/leanprover--lean4---v4.3.0/bin/leanc` exited with code 1
error: > /home/athena/.elan/toolchains/leanprover--lean4---v4.3.0/bin/leanc -shared -o ./.lake/packages/mathlib/.lake/build/lib/libMathlib-Mathport-Rename-1.so ./.lake/packages/mathlib/.lake/build/ir/Mathlib/Mathport/Rename.c.o -L./.lake/packages/mathlib/.lake/build/lib
error: stderr:
ld.lld: error: ./.lake/packages/mathlib/.lake/build/ir/Mathlib/Mathport/Rename.c.o: unknown file type
clang: error: linker command failed with exit code 1 (use -v to see invocation)
error: external command `/home/athena/.elan/toolchains/leanprover--lean4---v4.3.0/bin/leanc` exited with code 1
error: > /home/athena/.elan/toolchains/leanprover--lean4---v4.3.0/bin/leanc -shared -o ./.lake/packages/std/.lake/build/lib/libStd-WF-1.so ./.lake/packages/std/.lake/build/ir/Std/WF.c.o -L./.lake/packages/std/.lake/build/lib
error: stderr:
ld.lld: error: ./.lake/packages/std/.lake/build/ir/Std/WF.c.o: unknown file type
clang: error: linker command failed with exit code 1 (use -v to see invocation)
error: external command `/home/athena/.elan/toolchains/leanprover--lean4---v4.3.0/bin/leanc` exited with code 1
error: > /home/athena/.elan/toolchains/leanprover--lean4---v4.3.0/bin/leanc -shared -o ./.lake/packages/std/.lake/build/lib/libStd-Classes-Dvd-1.so ./.lake/packages/std/.lake/build/ir/Std/Classes/Dvd.c.o -L./.lake/packages/std/.lake/build/lib
error: stderr:
ld.lld: error: ./.lake/packages/std/.lake/build/ir/Std/Classes/Dvd.c.o: unknown file type
clang: error: linker command failed with exit code 1 (use -v to see invocation)
error: external command `/home/athena/.elan/toolchains/leanprover--lean4---v4.3.0/bin/leanc` exited with code 1
error: > /home/athena/.elan/toolchains/leanprover--lean4---v4.3.0/bin/leanc -shared -o ./.lake/packages/std/.lake/build/lib/libStd-Lean-PersistentHashMap-1.so ./.lake/packages/std/.lake/build/ir/Std/Lean/PersistentHashMap.c.o -L./.lake/packages/std/.lake/build/lib
error: stderr:
ld.lld: error: ./.lake/packages/std/.lake/build/ir/Std/Lean/PersistentHashMap.c.o: unknown file type
clang: error: linker command failed with exit code 1 (use -v to see invocation)
error: external command `/home/athena/.elan/toolchains/leanprover--lean4---v4.3.0/bin/leanc` exited with code 1
error: > /home/athena/.elan/toolchains/leanprover--lean4---v4.3.0/bin/leanc -shared -o ./.lake/packages/std/.lake/build/lib/libStd-Tactic-SeqFocus-1.so ./.lake/packages/std/.lake/build/ir/Std/Tactic/SeqFocus.c.o -L./.lake/packages/std/.lake/build/lib
error: stderr:
ld.lld: error: ./.lake/packages/std/.lake/build/ir/Std/Tactic/SeqFocus.c.o: unknown file type
clang: error: linker command failed with exit code 1 (use -v to see invocation)
error: external command `/home/athena/.elan/toolchains/leanprover--lean4---v4.3.0/bin/leanc` exited with code 1
error: > /home/athena/.elan/toolchains/leanprover--lean4---v4.3.0/bin/leanc -shared -o ./.lake/packages/std/.lake/build/lib/libStd-Util-LibraryNote-1.so ./.lake/packages/std/.lake/build/ir/Std/Util/LibraryNote.c.o -L./.lake/packages/std/.lake/build/lib
error: stderr:
ld.lld: error: ./.lake/packages/std/.lake/build/ir/Std/Util/LibraryNote.c.o: unknown file type
clang: error: linker command failed with exit code 1 (use -v to see invocation)
error: external command `/home/athena/.elan/toolchains/leanprover--lean4---v4.3.0/bin/leanc` exited with code 1
error: > /home/athena/.elan/toolchains/leanprover--lean4---v4.3.0/bin/leanc -shared -o ./.lake/packages/std/.lake/build/lib/libStd-Lean-Meta-Expr-1.so ./.lake/packages/std/.lake/build/ir/Std/Lean/Meta/Expr.c.o -L./.lake/packages/std/.lake/build/lib
error: stderr:
ld.lld: error: ./.lake/packages/std/.lake/build/ir/Std/Lean/Meta/Expr.c.o: unknown file type
clang: error: linker command failed with exit code 1 (use -v to see invocation)
error: external command `/home/athena/.elan/toolchains/leanprover--lean4---v4.3.0/bin/leanc` exited with code 1
error: > /home/athena/.elan/toolchains/leanprover--lean4---v4.3.0/bin/leanc -shared -o ./.lake/packages/std/.lake/build/lib/libStd-Classes-BEq-1.so ./.lake/packages/std/.lake/build/ir/Std/Classes/BEq.c.o -L./.lake/packages/std/.lake/build/lib
error: stderr:
ld.lld: error: ./.lake/packages/std/.lake/build/ir/Std/Classes/BEq.c.o: unknown file type
clang: error: linker command failed with exit code 1 (use -v to see invocation)
error: external command `/home/athena/.elan/toolchains/leanprover--lean4---v4.3.0/bin/leanc` exited with code 1
error: > /home/athena/.elan/toolchains/leanprover--lean4---v4.3.0/bin/leanc -shared -o ./.lake/packages/std/.lake/build/lib/libStd-Data-Ord-1.so ./.lake/packages/std/.lake/build/ir/Std/Data/Ord.c.o -L./.lake/packages/std/.lake/build/lib
error: stderr:
ld.lld: error: ./.lake/packages/std/.lake/build/ir/Std/Data/Ord.c.o: unknown file type
clang: error: linker command failed with exit code 1 (use -v to see invocation)
error: external command `/home/athena/.elan/toolchains/leanprover--lean4---v4.3.0/bin/leanc` exited with code 1
error: > /home/athena/.elan/toolchains/leanprover--lean4---v4.3.0/bin/leanc -shared -o ./.lake/packages/std/.lake/build/lib/libStd-Lean-CoreM-1.so ./.lake/packages/std/.lake/build/ir/Std/Lean/CoreM.c.o -L./.lake/packages/std/.lake/build/lib
error: stderr:
ld.lld: error: ./.lake/packages/std/.lake/build/ir/Std/Lean/CoreM.c.o: unknown file type
clang: error: linker command failed with exit code 1 (use -v to see invocation)
error: external command `/home/athena/.elan/toolchains/leanprover--lean4---v4.3.0/bin/leanc` exited with code 1
error: > /home/athena/.elan/toolchains/leanprover--lean4---v4.3.0/bin/leanc -shared -o ./.lake/packages/std/.lake/build/lib/libStd-Lean-HashMap-1.so ./.lake/packages/std/.lake/build/ir/Std/Lean/HashMap.c.o -L./.lake/packages/std/.lake/build/lib
error: stderr:
ld.lld: error: ./.lake/packages/std/.lake/build/ir/Std/Lean/HashMap.c.o: unknown file type
clang: error: linker command failed with exit code 1 (use -v to see invocation)
error: external command `/home/athena/.elan/toolchains/leanprover--lean4---v4.3.0/bin/leanc` exited with code 1
error: > /home/athena/.elan/toolchains/leanprover--lean4---v4.3.0/bin/leanc -shared -o ./.lake/packages/std/.lake/build/lib/libStd-Lean-Elab-Tactic-1.so ./.lake/packages/std/.lake/build/ir/Std/Lean/Elab/Tactic.c.o -L./.lake/packages/std/.lake/build/lib
error: stderr:
ld.lld: error: ./.lake/packages/std/.lake/build/ir/Std/Lean/Elab/Tactic.c.o: unknown file type
clang: error: linker command failed with exit code 1 (use -v to see invocation)
error: external command `/home/athena/.elan/toolchains/leanprover--lean4---v4.3.0/bin/leanc` exited with code 1
error: > /home/athena/.elan/toolchains/leanprover--lean4---v4.3.0/bin/leanc -shared -o ./.lake/packages/std/.lake/build/lib/libStd-Util-ProofWanted-1.so ./.lake/packages/std/.lake/build/ir/Std/Util/ProofWanted.c.o -L./.lake/packages/std/.lake/build/lib
error: stderr:
ld.lld: error: ./.lake/packages/std/.lake/build/ir/Std/Util/ProofWanted.c.o: unknown file type
clang: error: linker command failed with exit code 1 (use -v to see invocation)
error: external command `/home/athena/.elan/toolchains/leanprover--lean4---v4.3.0/bin/leanc` exited with code 1
error: > /home/athena/.elan/toolchains/leanprover--lean4---v4.3.0/bin/leanc -shared -o ./.lake/packages/std/.lake/build/lib/libStd-Data-DList-1.so ./.lake/packages/std/.lake/build/ir/Std/Data/DList.c.o -L./.lake/packages/std/.lake/build/lib
error: stderr:
ld.lld: error: ./.lake/packages/std/.lake/build/ir/Std/Data/DList.c.o: unknown file type
clang: error: linker command failed with exit code 1 (use -v to see invocation)
error: external command `/home/athena/.elan/toolchains/leanprover--lean4---v4.3.0/bin/leanc` exited with code 1
error: > /home/athena/.elan/toolchains/leanprover--lean4---v4.3.0/bin/leanc -shared -o ./.lake/packages/std/.lake/build/lib/libStd-Lean-Delaborator-1.so ./.lake/packages/std/.lake/build/ir/Std/Lean/Delaborator.c.o -L./.lake/packages/std/.lake/build/lib
error: stderr:
ld.lld: error: ./.lake/packages/std/.lake/build/ir/Std/Lean/Delaborator.c.o: unknown file type
clang: error: linker command failed with exit code 1 (use -v to see invocation)
error: external command `/home/athena/.elan/toolchains/leanprover--lean4---v4.3.0/bin/leanc` exited with code 1
error: > /home/athena/.elan/toolchains/leanprover--lean4---v4.3.0/bin/leanc -shared -o ./.lake/packages/std/.lake/build/lib/libStd-Lean-HashSet-1.so ./.lake/packages/std/.lake/build/ir/Std/Lean/HashSet.c.o -L./.lake/packages/std/.lake/build/lib
error: stderr:
ld.lld: error: ./.lake/packages/std/.lake/build/ir/Std/Lean/HashSet.c.o: unknown file type
clang: error: linker command failed with exit code 1 (use -v to see invocation)
error: external command `/home/athena/.elan/toolchains/leanprover--lean4---v4.3.0/bin/leanc` exited with code 1
error: > /home/athena/.elan/toolchains/leanprover--lean4---v4.3.0/bin/leanc -shared -o ./.lake/packages/std/.lake/build/lib/libStd-Tactic-RCases-1.so ./.lake/packages/std/.lake/build/ir/Std/Tactic/RCases.c.o -L./.lake/packages/std/.lake/build/lib
error: stderr:
ld.lld: error: ./.lake/packages/std/.lake/build/ir/Std/Tactic/RCases.c.o: unknown file type
clang: error: linker command failed with exit code 1 (use -v to see invocation)
error: external command `/home/athena/.elan/toolchains/leanprover--lean4---v4.3.0/bin/leanc` exited with code 1
error: > /home/athena/.elan/toolchains/leanprover--lean4---v4.3.0/bin/leanc -shared -o ./.lake/packages/std/.lake/build/lib/libStd-Control-ForInStep-Basic-1.so ./.lake/packages/std/.lake/build/ir/Std/Control/ForInStep/Basic.c.o -L./.lake/packages/std/.lake/build/lib
error: stderr:
ld.lld: error: ./.lake/packages/std/.lake/build/ir/Std/Control/ForInStep/Basic.c.o: unknown file type
clang: error: linker command failed with exit code 1 (use -v to see invocation)
error: external command `/home/athena/.elan/toolchains/leanprover--lean4---v4.3.0/bin/leanc` exited with code 1
error: > /home/athena/.elan/toolchains/leanprover--lean4---v4.3.0/bin/leanc -shared -o ./.lake/packages/std/.lake/build/lib/libStd-Tactic-Exact-1.so ./.lake/packages/std/.lake/build/ir/Std/Tactic/Exact.c.o -L./.lake/packages/std/.lake/build/lib
error: stderr:
ld.lld: error: ./.lake/packages/std/.lake/build/ir/Std/Tactic/Exact.c.o: unknown file type
clang: error: linker command failed with exit code 1 (use -v to see invocation)
error: external command `/home/athena/.elan/toolchains/leanprover--lean4---v4.3.0/bin/leanc` exited with code 1
error: > /home/athena/.elan/toolchains/leanprover--lean4---v4.3.0/bin/leanc -shared -o ./.lake/packages/std/.lake/build/lib/libStd-Lean-MonadBacktrack-1.so ./.lake/packages/std/.lake/build/ir/Std/Lean/MonadBacktrack.c.o -L./.lake/packages/std/.lake/build/lib
error: stderr:
ld.lld: error: ./.lake/packages/std/.lake/build/ir/Std/Lean/MonadBacktrack.c.o: unknown file type
clang: error: linker command failed with exit code 1 (use -v to see invocation)
error: external command `/home/athena/.elan/toolchains/leanprover--lean4---v4.3.0/bin/leanc` exited with code 1
error: > /home/athena/.elan/toolchains/leanprover--lean4---v4.3.0/bin/leanc -shared -o ./.lake/packages/mathlib/.lake/build/lib/libMathlib-Data-Array-Defs-1.so ./.lake/packages/mathlib/.lake/build/ir/Mathlib/Data/Array/Defs.c.o -L./.lake/packages/mathlib/.lake/build/lib
error: stderr:
ld.lld: error: ./.lake/packages/mathlib/.lake/build/ir/Mathlib/Data/Array/Defs.c.o: unknown file type
clang: error: linker command failed with exit code 1 (use -v to see invocation)
error: external command `/home/athena/.elan/toolchains/leanprover--lean4---v4.3.0/bin/leanc` exited with code 1
error: > /home/athena/.elan/toolchains/leanprover--lean4---v4.3.0/bin/leanc -shared -o ./.lake/packages/std/.lake/build/lib/libStd-Data-Prod-Lex-1.so ./.lake/packages/std/.lake/build/ir/Std/Data/Prod/Lex.c.o -L./.lake/packages/std/.lake/build/lib
error: stderr:
ld.lld: error: ./.lake/packages/std/.lake/build/ir/Std/Data/Prod/Lex.c.o: unknown file type
clang: error: linker command failed with exit code 1 (use -v to see invocation)
error: external command `/home/athena/.elan/toolchains/leanprover--lean4---v4.3.0/bin/leanc` exited with code 1
error: > /home/athena/.elan/toolchains/leanprover--lean4---v4.3.0/bin/leanc -shared -o ./.lake/packages/std/.lake/build/lib/libStd-Lean-PersistentHashSet-1.so ./.lake/packages/std/.lake/build/ir/Std/Lean/PersistentHashSet.c.o -L./.lake/packages/std/.lake/build/lib
error: stderr:
ld.lld: error: ./.lake/packages/std/.lake/build/ir/Std/Lean/PersistentHashSet.c.o: unknown file type
clang: error: linker command failed with exit code 1 (use -v to see invocation)
error: external command `/home/athena/.elan/toolchains/leanprover--lean4---v4.3.0/bin/leanc` exited with code 1
error: > /home/athena/.elan/toolchains/leanprover--lean4---v4.3.0/bin/leanc -shared -o ./.lake/packages/std/.lake/build/lib/libStd-Tactic-Case-1.so ./.lake/packages/std/.lake/build/ir/Std/Tactic/Case.c.o -L./.lake/packages/std/.lake/build/lib
error: stderr:
ld.lld: error: ./.lake/packages/std/.lake/build/ir/Std/Tactic/Case.c.o: unknown file type
clang: error: linker command failed with exit code 1 (use -v to see invocation)
error: external command `/home/athena/.elan/toolchains/leanprover--lean4---v4.3.0/bin/leanc` exited with code 1
error: > /home/athena/.elan/toolchains/leanprover--lean4---v4.3.0/bin/leanc -shared -o ./.lake/packages/std/.lake/build/lib/libStd-Tactic-Instances-1.so ./.lake/packages/std/.lake/build/ir/Std/Tactic/Instances.c.o -L./.lake/packages/std/.lake/build/lib
error: stderr:
ld.lld: error: ./.lake/packages/std/.lake/build/ir/Std/Tactic/Instances.c.o: unknown file type
clang: error: linker command failed with exit code 1 (use -v to see invocation)
error: external command `/home/athena/.elan/toolchains/leanprover--lean4---v4.3.0/bin/leanc` exited with code 1
error: > /home/athena/.elan/toolchains/leanprover--lean4---v4.3.0/bin/leanc -shared -o ./.lake/packages/std/.lake/build/lib/libStd-Lean-Meta-Inaccessible-1.so ./.lake/packages/std/.lake/build/ir/Std/Lean/Meta/Inaccessible.c.o -L./.lake/packages/std/.lake/build/lib
error: stderr:
ld.lld: error: ./.lake/packages/std/.lake/build/ir/Std/Lean/Meta/Inaccessible.c.o: unknown file type
clang: error: linker command failed with exit code 1 (use -v to see invocation)
error: external command `/home/athena/.elan/toolchains/leanprover--lean4---v4.3.0/bin/leanc` exited with code 1
error: > /home/athena/.elan/toolchains/leanprover--lean4---v4.3.0/bin/leanc -shared -o ./.lake/packages/std/.lake/build/lib/libStd-Tactic-LeftRight-1.so ./.lake/packages/std/.lake/build/ir/Std/Tactic/LeftRight.c.o -L./.lake/packages/std/.lake/build/lib
error: stderr:
ld.lld: error: ./.lake/packages/std/.lake/build/ir/Std/Tactic/LeftRight.c.o: unknown file type
clang: error: linker command failed with exit code 1 (use -v to see invocation)
error: external command `/home/athena/.elan/toolchains/leanprover--lean4---v4.3.0/bin/leanc` exited with code 1
error: > /home/athena/.elan/toolchains/leanprover--lean4---v4.3.0/bin/leanc -shared -o ./.lake/packages/std/.lake/build/lib/libStd-Tactic-Change-1.so ./.lake/packages/std/.lake/build/ir/Std/Tactic/Change.c.o -L./.lake/packages/std/.lake/build/lib
error: stderr:
ld.lld: error: ./.lake/packages/std/.lake/build/ir/Std/Tactic/Change.c.o: unknown file type
clang: error: linker command failed with exit code 1 (use -v to see invocation)
error: external command `/home/athena/.elan/toolchains/leanprover--lean4---v4.3.0/bin/leanc` exited with code 1
error: > /home/athena/.elan/toolchains/leanprover--lean4---v4.3.0/bin/leanc -shared -o ./.lake/packages/std/.lake/build/lib/libStd-Data-MLList-Basic-1.so ./.lake/packages/std/.lake/build/ir/Std/Data/MLList/Basic.c.o -L./.lake/packages/std/.lake/build/lib
error: stderr:
ld.lld: error: ./.lake/packages/std/.lake/build/ir/Std/Data/MLList/Basic.c.o: unknown file type
clang: error: linker command failed with exit code 1 (use -v to see invocation)
error: external command `/home/athena/.elan/toolchains/leanprover--lean4---v4.3.0/bin/leanc` exited with code 1
error: > /home/athena/.elan/toolchains/leanprover--lean4---v4.3.0/bin/leanc -shared -o ./.lake/packages/std/.lake/build/lib/libStd-Tactic-Replace-1.so ./.lake/packages/std/.lake/build/ir/Std/Tactic/Replace.c.o -L./.lake/packages/std/.lake/build/lib
error: stderr:
ld.lld: error: ./.lake/packages/std/.lake/build/ir/Std/Tactic/Replace.c.o: unknown file type
clang: error: linker command failed with exit code 1 (use -v to see invocation)
error: external command `/home/athena/.elan/toolchains/leanprover--lean4---v4.3.0/bin/leanc` exited with code 1
error: > /home/athena/.elan/toolchains/leanprover--lean4---v4.3.0/bin/leanc -shared -o ./.lake/packages/mathlib/.lake/build/lib/libMathlib-Tactic-Coe-1.so ./.lake/packages/mathlib/.lake/build/ir/Mathlib/Tactic/Coe.c.o -L./.lake/packages/mathlib/.lake/build/lib
error: stderr:
ld.lld: error: ./.lake/packages/mathlib/.lake/build/ir/Mathlib/Tactic/Coe.c.o: unknown file type
clang: error: linker command failed with exit code 1 (use -v to see invocation)
error: external command `/home/athena/.elan/toolchains/leanprover--lean4---v4.3.0/bin/leanc` exited with code 1
error: > /home/athena/.elan/toolchains/leanprover--lean4---v4.3.0/bin/leanc -shared -o ./.lake/packages/Qq/.lake/build/lib/libQq-Typ-1.so ./.lake/packages/Qq/.lake/build/ir/Qq/Typ.c.o -L./.lake/packages/Qq/.lake/build/lib
error: stderr:
ld.lld: error: ./.lake/packages/Qq/.lake/build/ir/Qq/Typ.c.o: unknown file type
clang: error: linker command failed with exit code 1 (use -v to see invocation)
error: external command `/home/athena/.elan/toolchains/leanprover--lean4---v4.3.0/bin/leanc` exited with code 1
error: > /home/athena/.elan/toolchains/leanprover--lean4---v4.3.0/bin/leanc -shared -o ./.lake/packages/Qq/.lake/build/lib/libQq-ForLean-ReduceEval-1.so ./.lake/packages/Qq/.lake/build/ir/Qq/ForLean/ReduceEval.c.o -L./.lake/packages/Qq/.lake/build/lib
error: stderr:
ld.lld: error: ./.lake/packages/Qq/.lake/build/ir/Qq/ForLean/ReduceEval.c.o: unknown file type
clang: error: linker command failed with exit code 1 (use -v to see invocation)
error: external command `/home/athena/.elan/toolchains/leanprover--lean4---v4.3.0/bin/leanc` exited with code 1
error: > /home/athena/.elan/toolchains/leanprover--lean4---v4.3.0/bin/leanc -shared -o ./.lake/packages/std/.lake/build/lib/libStd-Lean-Util-Path-1.so ./.lake/packages/std/.lake/build/ir/Std/Lean/Util/Path.c.o -L./.lake/packages/std/.lake/build/lib
error: stderr:
ld.lld: error: ./.lake/packages/std/.lake/build/ir/Std/Lean/Util/Path.c.o: unknown file type
clang: error: linker command failed with exit code 1 (use -v to see invocation)
error: external command `/home/athena/.elan/toolchains/leanprover--lean4---v4.3.0/bin/leanc` exited with code 1
error: > /home/athena/.elan/toolchains/leanprover--lean4---v4.3.0/bin/leanc -shared -o ./.lake/packages/Qq/.lake/build/lib/libQq-ForLean-ToExpr-1.so ./.lake/packages/Qq/.lake/build/ir/Qq/ForLean/ToExpr.c.o -L./.lake/packages/Qq/.lake/build/lib
error: stderr:
ld.lld: error: ./.lake/packages/Qq/.lake/build/ir/Qq/ForLean/ToExpr.c.o: unknown file type
clang: error: linker command failed with exit code 1 (use -v to see invocation)
error: external command `/home/athena/.elan/toolchains/leanprover--lean4---v4.3.0/bin/leanc` exited with code 1
error: > /home/athena/.elan/toolchains/leanprover--lean4---v4.3.0/bin/leanc -shared -o ./.lake/packages/mathlib/.lake/build/lib/libMathlib-Mathport-Attributes-1.so ./.lake/packages/mathlib/.lake/build/ir/Mathlib/Mathport/Attributes.c.o -L./.lake/packages/mathlib/.lake/build/lib
error: stderr:
ld.lld: error: ./.lake/packages/mathlib/.lake/build/ir/Mathlib/Mathport/Attributes.c.o: unknown file type
clang: error: linker command failed with exit code 1 (use -v to see invocation)
error: external command `/home/athena/.elan/toolchains/leanprover--lean4---v4.3.0/bin/leanc` exited with code 1
error: > /home/athena/.elan/toolchains/leanprover--lean4---v4.3.0/bin/leanc -shared -o ./.lake/packages/mathlib/.lake/build/lib/libMathlib-Util-WithWeakNamespace-1.so ./.lake/packages/mathlib/.lake/build/ir/Mathlib/Util/WithWeakNamespace.c.o -L./.lake/packages/mathlib/.lake/build/lib
error: stderr:
ld.lld: error: ./.lake/packages/mathlib/.lake/build/ir/Mathlib/Util/WithWeakNamespace.c.o: unknown file type
clang: error: linker command failed with exit code 1 (use -v to see invocation)
error: external command `/home/athena/.elan/toolchains/leanprover--lean4---v4.3.0/bin/leanc` exited with code 1
error: > /home/athena/.elan/toolchains/leanprover--lean4---v4.3.0/bin/leanc -shared -o ./.lake/packages/mathlib/.lake/build/lib/libMathlib-Lean-Elab-Term-1.so ./.lake/packages/mathlib/.lake/build/ir/Mathlib/Lean/Elab/Term.c.o -L./.lake/packages/mathlib/.lake/build/lib
error: stderr:
ld.lld: error: ./.lake/packages/mathlib/.lake/build/ir/Mathlib/Lean/Elab/Term.c.o: unknown file type
clang: error: linker command failed with exit code 1 (use -v to see invocation)
error: external command `/home/athena/.elan/toolchains/leanprover--lean4---v4.3.0/bin/leanc` exited with code 1
error: > /home/athena/.elan/toolchains/leanprover--lean4---v4.3.0/bin/leanc -shared -o ./.lake/packages/mathlib/.lake/build/lib/libMathlib-Tactic-Substs-1.so ./.lake/packages/mathlib/.lake/build/ir/Mathlib/Tactic/Substs.c.o -L./.lake/packages/mathlib/.lake/build/lib
error: stderr:
ld.lld: error: ./.lake/packages/mathlib/.lake/build/ir/Mathlib/Tactic/Substs.c.o: unknown file type
clang: error: linker command failed with exit code 1 (use -v to see invocation)
error: external command `/home/athena/.elan/toolchains/leanprover--lean4---v4.3.0/bin/leanc` exited with code 1
error: > /home/athena/.elan/toolchains/leanprover--lean4---v4.3.0/bin/leanc -shared -o ./.lake/packages/std/.lake/build/lib/libStd-Tactic-Where-1.so ./.lake/packages/std/.lake/build/ir/Std/Tactic/Where.c.o -L./.lake/packages/std/.lake/build/lib
error: stderr:
ld.lld: error: ./.lake/packages/std/.lake/build/ir/Std/Tactic/Where.c.o: unknown file type
clang: error: linker command failed with exit code 1 (use -v to see invocation)
error: external command `/home/athena/.elan/toolchains/leanprover--lean4---v4.3.0/bin/leanc` exited with code 1
error: > /home/athena/.elan/toolchains/leanprover--lean4---v4.3.0/bin/leanc -shared -o ./.lake/packages/mathlib/.lake/build/lib/libMathlib-Util-Syntax-1.so ./.lake/packages/mathlib/.lake/build/ir/Mathlib/Util/Syntax.c.o -L./.lake/packages/mathlib/.lake/build/lib
error: stderr:
ld.lld: error: ./.lake/packages/mathlib/.lake/build/ir/Mathlib/Util/Syntax.c.o: unknown file type
clang: error: linker command failed with exit code 1 (use -v to see invocation)
error: external command `/home/athena/.elan/toolchains/leanprover--lean4---v4.3.0/bin/leanc` exited with code 1
error: > /home/athena/.elan/toolchains/leanprover--lean4---v4.3.0/bin/leanc -shared -o ./.lake/packages/mathlib/.lake/build/lib/libMathlib-Tactic-SimpRw-1.so ./.lake/packages/mathlib/.lake/build/ir/Mathlib/Tactic/SimpRw.c.o -L./.lake/packages/mathlib/.lake/build/lib
error: stderr:
ld.lld: error: ./.lake/packages/mathlib/.lake/build/ir/Mathlib/Tactic/SimpRw.c.o: unknown file type
clang: error: linker command failed with exit code 1 (use -v to see invocation)
error: external command `/home/athena/.elan/toolchains/leanprover--lean4---v4.3.0/bin/leanc` exited with code 1
error: > /home/athena/.elan/toolchains/leanprover--lean4---v4.3.0/bin/leanc -shared -o ./.lake/packages/mathlib/.lake/build/lib/libMathlib-Tactic-Classical-1.so ./.lake/packages/mathlib/.lake/build/ir/Mathlib/Tactic/Classical.c.o -L./.lake/packages/mathlib/.lake/build/lib
error: stderr:
ld.lld: error: ./.lake/packages/mathlib/.lake/build/ir/Mathlib/Tactic/Classical.c.o: unknown file type
clang: error: linker command failed with exit code 1 (use -v to see invocation)
error: external command `/home/athena/.elan/toolchains/leanprover--lean4---v4.3.0/bin/leanc` exited with code 1
error: > /home/athena/.elan/toolchains/leanprover--lean4---v4.3.0/bin/leanc -shared -o ./.lake/packages/aesop/.lake/build/lib/libAesop-Check-1.so ./.lake/packages/aesop/.lake/build/ir/Aesop/Check.c.o -L./.lake/packages/aesop/.lake/build/lib
error: stderr:
ld.lld: error: ./.lake/packages/aesop/.lake/build/ir/Aesop/Check.c.o: unknown file type
clang: error: linker command failed with exit code 1 (use -v to see invocation)
error: external command `/home/athena/.elan/toolchains/leanprover--lean4---v4.3.0/bin/leanc` exited with code 1
error: > /home/athena/.elan/toolchains/leanprover--lean4---v4.3.0/bin/leanc -shared -o ./.lake/packages/aesop/.lake/build/lib/libAesop-Nanos-1.so ./.lake/packages/aesop/.lake/build/ir/Aesop/Nanos.c.o -L./.lake/packages/aesop/.lake/build/lib
error: stderr:
ld.lld: error: ./.lake/packages/aesop/.lake/build/ir/Aesop/Nanos.c.o: unknown file type
clang: error: linker command failed with exit code 1 (use -v to see invocation)
error: external command `/home/athena/.elan/toolchains/leanprover--lean4---v4.3.0/bin/leanc` exited with code 1
error: > /home/athena/.elan/toolchains/leanprover--lean4---v4.3.0/bin/leanc -shared -o ./.lake/packages/std/.lake/build/lib/libStd-Tactic-LabelAttr-1.so ./.lake/packages/std/.lake/build/ir/Std/Tactic/LabelAttr.c.o -L./.lake/packages/std/.lake/build/lib
error: stderr:
ld.lld: error: ./.lake/packages/std/.lake/build/ir/Std/Tactic/LabelAttr.c.o: unknown file type
clang: error: linker command failed with exit code 1 (use -v to see invocation)
error: external command `/home/athena/.elan/toolchains/leanprover--lean4---v4.3.0/bin/leanc` exited with code 1
error: > /home/athena/.elan/toolchains/leanprover--lean4---v4.3.0/bin/leanc -shared -o ./.lake/packages/aesop/.lake/build/lib/libAesop-Percent-1.so ./.lake/packages/aesop/.lake/build/ir/Aesop/Percent.c.o -L./.lake/packages/aesop/.lake/build/lib
error: stderr:
ld.lld: error: ./.lake/packages/aesop/.lake/build/ir/Aesop/Percent.c.o: unknown file type
clang: error: linker command failed with exit code 1 (use -v to see invocation)
error: external command `/home/athena/.elan/toolchains/leanprover--lean4---v4.3.0/bin/leanc` exited with code 1
error: > /home/athena/.elan/toolchains/leanprover--lean4---v4.3.0/bin/leanc -shared -o ./.lake/packages/aesop/.lake/build/lib/libAesop-Frontend-Basic-1.so ./.lake/packages/aesop/.lake/build/ir/Aesop/Frontend/Basic.c.o -L./.lake/packages/aesop/.lake/build/lib
error: stderr:
ld.lld: error: ./.lake/packages/aesop/.lake/build/ir/Aesop/Frontend/Basic.c.o: unknown file type
clang: error: linker command failed with exit code 1 (use -v to see invocation)
error: external command `/home/athena/.elan/toolchains/leanprover--lean4---v4.3.0/bin/leanc` exited with code 1
error: > /home/athena/.elan/toolchains/leanprover--lean4---v4.3.0/bin/leanc -shared -o ./.lake/packages/mathlib/.lake/build/lib/libMathlib-Lean-PrettyPrinter-Delaborator-1.so ./.lake/packages/mathlib/.lake/build/ir/Mathlib/Lean/PrettyPrinter/Delaborator.c.o -L./.lake/packages/mathlib/.lake/build/lib
error: stderr:
ld.lld: error: ./.lake/packages/mathlib/.lake/build/ir/Mathlib/Lean/PrettyPrinter/Delaborator.c.o: unknown file type
clang: error: linker command failed with exit code 1 (use -v to see invocation)
error: external command `/home/athena/.elan/toolchains/leanprover--lean4---v4.3.0/bin/leanc` exited with code 1
error: > /home/athena/.elan/toolchains/leanprover--lean4---v4.3.0/bin/leanc -shared -o ./.lake/packages/aesop/.lake/build/lib/libAesop-Frontend-ElabM-1.so ./.lake/packages/aesop/.lake/build/ir/Aesop/Frontend/ElabM.c.o -L./.lake/packages/aesop/.lake/build/lib
error: stderr:
ld.lld: error: ./.lake/packages/aesop/.lake/build/ir/Aesop/Frontend/ElabM.c.o: unknown file type
clang: error: linker command failed with exit code 1 (use -v to see invocation)
error: external command `/home/athena/.elan/toolchains/leanprover--lean4---v4.3.0/bin/leanc` exited with code 1
error: > /home/athena/.elan/toolchains/leanprover--lean4---v4.3.0/bin/leanc -shared -o ./.lake/packages/mathlib/.lake/build/lib/libMathlib-Util-AssertExists-1.so ./.lake/packages/mathlib/.lake/build/ir/Mathlib/Util/AssertExists.c.o -L./.lake/packages/mathlib/.lake/build/lib
error: stderr:
ld.lld: error: ./.lake/packages/mathlib/.lake/build/ir/Mathlib/Util/AssertExists.c.o: unknown file type
clang: error: linker command failed with exit code 1 (use -v to see invocation)
error: external command `/home/athena/.elan/toolchains/leanprover--lean4---v4.3.0/bin/leanc` exited with code 1
error: > /home/athena/.elan/toolchains/leanprover--lean4---v4.3.0/bin/leanc -shared -o ./.lake/packages/aesop/.lake/build/lib/libAesop-Options-Public-1.so ./.lake/packages/aesop/.lake/build/ir/Aesop/Options/Public.c.o -L./.lake/packages/aesop/.lake/build/lib
error: stderr:
ld.lld: error: ./.lake/packages/aesop/.lake/build/ir/Aesop/Options/Public.c.o: unknown file type
clang: error: linker command failed with exit code 1 (use -v to see invocation)
error: external command `/home/athena/.elan/toolchains/leanprover--lean4---v4.3.0/bin/leanc` exited with code 1
error: > /home/athena/.elan/toolchains/leanprover--lean4---v4.3.0/bin/leanc -shared -o ./.lake/packages/mathlib/.lake/build/lib/libMathlib-Tactic-Clear!-1.so ./.lake/packages/mathlib/.lake/build/ir/Mathlib/Tactic/Clear!.c.o -L./.lake/packages/mathlib/.lake/build/lib
error: stderr:
ld.lld: error: ./.lake/packages/mathlib/.lake/build/ir/Mathlib/Tactic/Clear!.c.o: unknown file type
clang: error: linker command failed with exit code 1 (use -v to see invocation)
error: external command `/home/athena/.elan/toolchains/leanprover--lean4---v4.3.0/bin/leanc` exited with code 1
error: > /home/athena/.elan/toolchains/leanprover--lean4---v4.3.0/bin/leanc -shared -o ./.lake/packages/mathlib/.lake/build/lib/libMathlib-Tactic-Constructor-1.so ./.lake/packages/mathlib/.lake/build/ir/Mathlib/Tactic/Constructor.c.o -L./.lake/packages/mathlib/.lake/build/lib
error: stderr:
ld.lld: error: ./.lake/packages/mathlib/.lake/build/ir/Mathlib/Tactic/Constructor.c.o: unknown file type
clang: error: linker command failed with exit code 1 (use -v to see invocation)
error: external command `/home/athena/.elan/toolchains/leanprover--lean4---v4.3.0/bin/leanc` exited with code 1
error: > /home/athena/.elan/toolchains/leanprover--lean4---v4.3.0/bin/leanc -shared -o ./.lake/packages/mathlib/.lake/build/lib/libMathlib-Tactic-Spread-1.so ./.lake/packages/mathlib/.lake/build/ir/Mathlib/Tactic/Spread.c.o -L./.lake/packages/mathlib/.lake/build/lib
error: stderr:
ld.lld: error: ./.lake/packages/mathlib/.lake/build/ir/Mathlib/Tactic/Spread.c.o: unknown file type
clang: error: linker command failed with exit code 1 (use -v to see invocation)
error: external command `/home/athena/.elan/toolchains/leanprover--lean4---v4.3.0/bin/leanc` exited with code 1
error: > /home/athena/.elan/toolchains/leanprover--lean4---v4.3.0/bin/leanc -shared -o ./.lake/packages/mathlib/.lake/build/lib/libMathlib-Tactic-ClearExcept-1.so ./.lake/packages/mathlib/.lake/build/ir/Mathlib/Tactic/ClearExcept.c.o -L./.lake/packages/mathlib/.lake/build/lib
error: stderr:
ld.lld: error: ./.lake/packages/mathlib/.lake/build/ir/Mathlib/Tactic/ClearExcept.c.o: unknown file type
clang: error: linker command failed with exit code 1 (use -v to see invocation)
error: external command `/home/athena/.elan/toolchains/leanprover--lean4---v4.3.0/bin/leanc` exited with code 1
error: > /home/athena/.elan/toolchains/leanprover--lean4---v4.3.0/bin/leanc -shared -o ./.lake/packages/mathlib/.lake/build/lib/libMathlib-Tactic-Clear_-1.so ./.lake/packages/mathlib/.lake/build/ir/Mathlib/Tactic/Clear_.c.o -L./.lake/packages/mathlib/.lake/build/lib
error: stderr:
ld.lld: error: ./.lake/packages/mathlib/.lake/build/ir/Mathlib/Tactic/Clear_.c.o: unknown file type
clang: error: linker command failed with exit code 1 (use -v to see invocation)
error: external command `/home/athena/.elan/toolchains/leanprover--lean4---v4.3.0/bin/leanc` exited with code 1
error: > /home/athena/.elan/toolchains/leanprover--lean4---v4.3.0/bin/leanc -shared -o ./.lake/packages/Qq/.lake/build/lib/libQq-SortLocalDecls-1.so ./.lake/packages/Qq/.lake/build/ir/Qq/SortLocalDecls.c.o -L./.lake/packages/Qq/.lake/build/lib
error: stderr:
ld.lld: error: ./.lake/packages/Qq/.lake/build/ir/Qq/SortLocalDecls.c.o: unknown file type
clang: error: linker command failed with exit code 1 (use -v to see invocation)
error: external command `/home/athena/.elan/toolchains/leanprover--lean4---v4.3.0/bin/leanc` exited with code 1
error: > /home/athena/.elan/toolchains/leanprover--lean4---v4.3.0/bin/leanc -shared -o ./.lake/packages/mathlib/.lake/build/lib/libMathlib-Tactic-GuardHypNums-1.so ./.lake/packages/mathlib/.lake/build/ir/Mathlib/Tactic/GuardHypNums.c.o -L./.lake/packages/mathlib/.lake/build/lib
error: stderr:
ld.lld: error: ./.lake/packages/mathlib/.lake/build/ir/Mathlib/Tactic/GuardHypNums.c.o: unknown file type
clang: error: linker command failed with exit code 1 (use -v to see invocation)
error: external command `/home/athena/.elan/toolchains/leanprover--lean4---v4.3.0/bin/leanc` exited with code 1
error: > /home/athena/.elan/toolchains/leanprover--lean4---v4.3.0/bin/leanc -shared -o ./.lake/packages/mathlib/.lake/build/lib/libMathlib-Tactic-CasesM-1.so ./.lake/packages/mathlib/.lake/build/ir/Mathlib/Tactic/CasesM.c.o -L./.lake/packages/mathlib/.lake/build/lib
error: stderr:
ld.lld: error: ./.lake/packages/mathlib/.lake/build/ir/Mathlib/Tactic/CasesM.c.o: unknown file type
clang: error: linker command failed with exit code 1 (use -v to see invocation)
error: external command `/home/athena/.elan/toolchains/leanprover--lean4---v4.3.0/bin/leanc` exited with code 1
error: > /home/athena/.elan/toolchains/leanprover--lean4---v4.3.0/bin/leanc -shared -o ./.lake/packages/mathlib/.lake/build/lib/libMathlib-Tactic-FailIfNoProgress-1.so ./.lake/packages/mathlib/.lake/build/ir/Mathlib/Tactic/FailIfNoProgress.c.o -L./.lake/packages/mathlib/.lake/build/lib
error: stderr:
ld.lld: error: ./.lake/packages/mathlib/.lake/build/ir/Mathlib/Tactic/FailIfNoProgress.c.o: unknown file type
clang: error: linker command failed with exit code 1 (use -v to see invocation)
error: external command `/home/athena/.elan/toolchains/leanprover--lean4---v4.3.0/bin/leanc` exited with code 1
error: > /home/athena/.elan/toolchains/leanprover--lean4---v4.3.0/bin/leanc -shared -o ./.lake/packages/mathlib/.lake/build/lib/libMathlib-Lean-Meta-Basic-1.so ./.lake/packages/mathlib/.lake/build/ir/Mathlib/Lean/Meta/Basic.c.o -L./.lake/packages/mathlib/.lake/build/lib
error: stderr:
ld.lld: error: ./.lake/packages/mathlib/.lake/build/ir/Mathlib/Lean/Meta/Basic.c.o: unknown file type
clang: error: linker command failed with exit code 1 (use -v to see invocation)
error: external command `/home/athena/.elan/toolchains/leanprover--lean4---v4.3.0/bin/leanc` exited with code 1
error: > /home/athena/.elan/toolchains/leanprover--lean4---v4.3.0/bin/leanc -shared -o ./.lake/packages/Qq/.lake/build/lib/libQq-ForLean-Do-1.so ./.lake/packages/Qq/.lake/build/ir/Qq/ForLean/Do.c.o -L./.lake/packages/Qq/.lake/build/lib
error: stderr:
ld.lld: error: ./.lake/packages/Qq/.lake/build/ir/Qq/ForLean/Do.c.o: unknown file type
clang: error: linker command failed with exit code 1 (use -v to see invocation)
error: external command `/home/athena/.elan/toolchains/leanprover--lean4---v4.3.0/bin/leanc` exited with code 1
error: > /home/athena/.elan/toolchains/leanprover--lean4---v4.3.0/bin/leanc -shared -o ./.lake/packages/mathlib/.lake/build/lib/libMathlib-Tactic-InferParam-1.so ./.lake/packages/mathlib/.lake/build/ir/Mathlib/Tactic/InferParam.c.o -L./.lake/packages/mathlib/.lake/build/lib
error: stderr:
ld.lld: error: ./.lake/packages/mathlib/.lake/build/ir/Mathlib/Tactic/InferParam.c.o: unknown file type
clang: error: linker command failed with exit code 1 (use -v to see invocation)
error: external command `/home/athena/.elan/toolchains/leanprover--lean4---v4.3.0/bin/leanc` exited with code 1
error: > /home/athena/.elan/toolchains/leanprover--lean4---v4.3.0/bin/leanc -shared -o ./.lake/packages/mathlib/.lake/build/lib/libMathlib-Tactic-Set-1.so ./.lake/packages/mathlib/.lake/build/ir/Mathlib/Tactic/Set.c.o -L./.lake/packages/mathlib/.lake/build/lib
error: stderr:
ld.lld: error: ./.lake/packages/mathlib/.lake/build/ir/Mathlib/Tactic/Set.c.o: unknown file type
clang: error: linker command failed with exit code 1 (use -v to see invocation)
error: external command `/home/athena/.elan/toolchains/leanprover--lean4---v4.3.0/bin/leanc` exited with code 1
error: > /home/athena/.elan/toolchains/leanprover--lean4---v4.3.0/bin/leanc -shared -o ./.lake/packages/mathlib/.lake/build/lib/libMathlib-Lean-SMap-1.so ./.lake/packages/mathlib/.lake/build/ir/Mathlib/Lean/SMap.c.o -L./.lake/packages/mathlib/.lake/build/lib
error: stderr:
ld.lld: error: ./.lake/packages/mathlib/.lake/build/ir/Mathlib/Lean/SMap.c.o: unknown file type
clang: error: linker command failed with exit code 1 (use -v to see invocation)
error: external command `/home/athena/.elan/toolchains/leanprover--lean4---v4.3.0/bin/leanc` exited with code 1
error: > /home/athena/.elan/toolchains/leanprover--lean4---v4.3.0/bin/leanc -shared -o ./.lake/packages/mathlib/.lake/build/lib/libMathlib-Tactic-SudoSetOption-1.so ./.lake/packages/mathlib/.lake/build/ir/Mathlib/Tactic/SudoSetOption.c.o -L./.lake/packages/mathlib/.lake/build/lib
error: stderr:
ld.lld: error: ./.lake/packages/mathlib/.lake/build/ir/Mathlib/Tactic/SudoSetOption.c.o: unknown file type
clang: error: linker command failed with exit code 1 (use -v to see invocation)
error: external command `/home/athena/.elan/toolchains/leanprover--lean4---v4.3.0/bin/leanc` exited with code 1
error: > /home/athena/.elan/toolchains/leanprover--lean4---v4.3.0/bin/leanc -shared -o ./.lake/packages/mathlib/.lake/build/lib/libMathlib-Tactic-NthRewrite-1.so ./.lake/packages/mathlib/.lake/build/ir/Mathlib/Tactic/NthRewrite.c.o -L./.lake/packages/mathlib/.lake/build/lib
error: stderr:
ld.lld: error: ./.lake/packages/mathlib/.lake/build/ir/Mathlib/Tactic/NthRewrite.c.o: unknown file type
clang: error: linker command failed with exit code 1 (use -v to see invocation)
error: external command `/home/athena/.elan/toolchains/leanprover--lean4---v4.3.0/bin/leanc` exited with code 1
error: > /home/athena/.elan/toolchains/leanprover--lean4---v4.3.0/bin/leanc -shared -o ./.lake/packages/mathlib/.lake/build/lib/libMathlib-Tactic-Rename-1.so ./.lake/packages/mathlib/.lake/build/ir/Mathlib/Tactic/Rename.c.o -L./.lake/packages/mathlib/.lake/build/lib
error: stderr:
ld.lld: error: ./.lake/packages/mathlib/.lake/build/ir/Mathlib/Tactic/Rename.c.o: unknown file type
clang: error: linker command failed with exit code 1 (use -v to see invocation)
error: external command `/home/athena/.elan/toolchains/leanprover--lean4---v4.3.0/bin/leanc` exited with code 1
error: > /home/athena/.elan/toolchains/leanprover--lean4---v4.3.0/bin/leanc -shared -o ./.lake/packages/mathlib/.lake/build/lib/libMathlib-Tactic-GuardGoalNums-1.so ./.lake/packages/mathlib/.lake/build/ir/Mathlib/Tactic/GuardGoalNums.c.o -L./.lake/packages/mathlib/.lake/build/lib
error: stderr:
ld.lld: error: ./.lake/packages/mathlib/.lake/build/ir/Mathlib/Tactic/GuardGoalNums.c.o: unknown file type
clang: error: linker command failed with exit code 1 (use -v to see invocation)
error: external command `/home/athena/.elan/toolchains/leanprover--lean4---v4.3.0/bin/leanc` exited with code 1
error: > /home/athena/.elan/toolchains/leanprover--lean4---v4.3.0/bin/leanc -shared -o ./.lake/packages/mathlib/.lake/build/lib/libMathlib-Tactic-TypeCheck-1.so ./.lake/packages/mathlib/.lake/build/ir/Mathlib/Tactic/TypeCheck.c.o -L./.lake/packages/mathlib/.lake/build/lib
error: stderr:
ld.lld: error: ./.lake/packages/mathlib/.lake/build/ir/Mathlib/Tactic/TypeCheck.c.o: unknown file type
clang: error: linker command failed with exit code 1 (use -v to see invocation)
error: external command `/home/athena/.elan/toolchains/leanprover--lean4---v4.3.0/bin/leanc` exited with code 1
error: > /home/athena/.elan/toolchains/leanprover--lean4---v4.3.0/bin/leanc -shared -o ./.lake/packages/mathlib/.lake/build/lib/libMathlib-Tactic-UnsetOption-1.so ./.lake/packages/mathlib/.lake/build/ir/Mathlib/Tactic/UnsetOption.c.o -L./.lake/packages/mathlib/.lake/build/lib
error: stderr:
ld.lld: error: ./.lake/packages/mathlib/.lake/build/ir/Mathlib/Tactic/UnsetOption.c.o: unknown file type
clang: error: linker command failed with exit code 1 (use -v to see invocation)
error: external command `/home/athena/.elan/toolchains/leanprover--lean4---v4.3.0/bin/leanc` exited with code 1
error: > /home/athena/.elan/toolchains/leanprover--lean4---v4.3.0/bin/leanc -shared -o ./.lake/packages/mathlib/.lake/build/lib/libMathlib-Util-AtomM-1.so ./.lake/packages/mathlib/.lake/build/ir/Mathlib/Util/AtomM.c.o -L./.lake/packages/mathlib/.lake/build/lib
error: stderr:
ld.lld: error: ./.lake/packages/mathlib/.lake/build/ir/Mathlib/Util/AtomM.c.o: unknown file type
clang: error: linker command failed with exit code 1 (use -v to see invocation)
error: external command `/home/athena/.elan/toolchains/leanprover--lean4---v4.3.0/bin/leanc` exited with code 1
[139/2495] Linking Std.Lean.Command
[166/2495] Linking Std.Lean.TagAttribute
[166/2495] Linking Std.Tactic.HaveI
[189/2495] Linking Std.Util.ExtendedBinder
[189/2495] Linking Std.Tactic.Unreachable
[189/2495] Linking Std.Tactic.OpenPrivate
[191/2495] Linking Std.Data.Option.Init.Lemmas
[194/2495] Linking Std.Lean.Position
[194/2495] Linking Std.Lean.Float
[194/2495] Linking Std.Lean.Name
[194/2495] Linking Std.Lean.Tactic
[194/2495] Linking Std.Tactic.ByCases
[194/2495] Linking Std.Lean.Parser
[194/2495] Linking Std.Util.TermUnsafe
[194/2495] Linking Std.Lean.LocalContext
[194/2495] Linking Std.Lean.NameMapAttribute
[194/2495] Linking Mathlib.Util.MemoFix
[194/2495] Linking Mathlib.Init.Data.Nat.Notation
[194/2495] Linking Std.Lean.InfoTree
[194/2495] Linking Mathlib.Lean.EnvExtension
[194/2495] Linking Std.Data.Fin.Init.Lemmas
[194/2495] Linking Std.Data.Array.Init.Basic
[194/2495] Linking Mathlib.Mathport.Rename
[194/2495] Linking Std.Lean.Expr
[194/2495] Linking Std.Lean.PersistentHashMap
[194/2495] Linking Std.Classes.Dvd
[194/2495] Linking Std.Tactic.SeqFocus
[194/2495] Linking Std.WF
[194/2495] Linking Std.Util.LibraryNote
[194/2495] Linking Std.Data.Ord
[194/2495] Linking Std.Lean.Meta.Expr
[194/2495] Linking Std.Classes.BEq
[194/2495] Linking Std.Lean.CoreM
[194/2495] Linking Std.Lean.HashMap
[194/2495] Linking Std.Lean.Elab.Tactic
[194/2495] Linking Std.Util.ProofWanted
[194/2495] Linking Std.Data.DList
[194/2495] Linking Std.Lean.Delaborator
[194/2495] Linking Std.Control.ForInStep.Basic
[194/2495] Linking Std.Lean.HashSet
[194/2495] Linking Mathlib.Data.Array.Defs
[194/2495] Linking Std.Lean.MonadBacktrack
[194/2495] Linking Std.Tactic.RCases
[194/2495] Linking Std.Tactic.Exact
[194/2495] Linking Std.Lean.PersistentHashSet
[194/2495] Linking Std.Data.Prod.Lex
[194/2495] Linking Std.Tactic.Instances
[194/2495] Linking Std.Lean.Meta.Inaccessible
[194/2495] Linking Std.Tactic.Case
[194/2495] Linking Std.Tactic.LeftRight
[194/2495] Linking Std.Tactic.Change
[194/2495] Linking Std.Data.MLList.Basic
[194/2495] Linking Std.Tactic.Replace
[195/2495] Linking Mathlib.Tactic.Coe
[195/2495] Linking Std.Lean.Util.Path
[196/2495] Linking Qq.Typ
[197/2495] Linking Qq.ForLean.ToExpr
[197/2495] Linking Qq.ForLean.ReduceEval
[197/2495] Linking Mathlib.Mathport.Attributes
[197/2495] Linking Mathlib.Util.WithWeakNamespace
[197/2495] Linking Mathlib.Lean.Elab.Term
[197/2495] Linking Mathlib.Tactic.Substs
[197/2495] Linking Std.Tactic.Where
[197/2495] Linking Mathlib.Util.Syntax
[197/2495] Linking Mathlib.Tactic.SimpRw
[197/2495] Linking Mathlib.Tactic.Classical
[198/2495] Linking Aesop.Check
[198/2495] Linking Aesop.Nanos
[198/2495] Linking Aesop.Percent
[198/2495] Linking Aesop.Frontend.ElabM
[199/2495] Linking Aesop.Frontend.Basic
[199/2495] Linking Mathlib.Lean.PrettyPrinter.Delaborator
[199/2495] Linking Std.Tactic.LabelAttr
[200/2495] Linking Mathlib.Util.AssertExists
[201/2495] Linking Aesop.Options.Public
[201/2495] Linking Mathlib.Tactic.Spread
[201/2495] Linking Mathlib.Tactic.Constructor
[201/2495] Linking Mathlib.Tactic.ClearExcept
[201/2495] Linking Mathlib.Tactic.Clear!
[201/2495] Linking Qq.SortLocalDecls
[201/2495] Linking Mathlib.Tactic.Clear_
[201/2495] Linking Mathlib.Tactic.CasesM
[202/2495] Linking Mathlib.Tactic.GuardHypNums
[202/2495] Linking Mathlib.Lean.Meta.Basic
[202/2495] Linking Qq.ForLean.Do
[202/2495] Linking Mathlib.Tactic.FailIfNoProgress
[202/2495] Linking Mathlib.Tactic.InferParam
[203/2495] Linking Mathlib.Tactic.Set
[204/2495] Linking Mathlib.Tactic.SudoSetOption
[204/2495] Linking Mathlib.Lean.SMap
[204/2495] Linking Mathlib.Tactic.NthRewrite
[206/2495] Linking Mathlib.Tactic.Rename
[206/2495] Linking Mathlib.Tactic.GuardGoalNums
[206/2495] Linking Mathlib.Tactic.TypeCheck
[206/2495] Linking Mathlib.Tactic.UnsetOption
[266/2495] Linking Mathlib.Util.AtomM
