warning: mathlib: repository './.lake/packages/mathlib' has local changes
warning: std: repository './.lake/packages/std' has local changes
warning: Qq: repository './.lake/packages/Qq' has local changes
warning: aesop: repository './.lake/packages/aesop' has local changes
warning: proofwidgets: repository './.lake/packages/proofwidgets' has local changes
warning: Cli: repository './.lake/packages/Cli' has local changes
error: > /home/athena/.elan/toolchains/leanprover--lean4---v4.3.0/bin/leanc -shared -o ./.lake/packages/std/.lake/build/lib/libStd-Lean-Name-1.so ./.lake/packages/std/.lake/build/ir/Std/Lean/Name.c.o -L./.lake/packages/std/.lake/build/lib
error: stderr:
ld.lld: error: ./.lake/packages/std/.lake/build/ir/Std/Lean/Name.c.o: unknown file type
clang: error: linker command failed with exit code 1 (use -v to see invocation)
error: external command `/home/athena/.elan/toolchains/leanprover--lean4---v4.3.0/bin/leanc` exited with code 1
error: > /home/athena/.elan/toolchains/leanprover--lean4---v4.3.0/bin/leanc -shared -o ./.lake/packages/std/.lake/build/lib/libStd-Lean-Position-1.so ./.lake/packages/std/.lake/build/ir/Std/Lean/Position.c.o -L./.lake/packages/std/.lake/build/lib
error: stderr:
ld.lld: error: ./.lake/packages/std/.lake/build/ir/Std/Lean/Position.c.o: unknown file type
clang: error: linker command failed with exit code 1 (use -v to see invocation)
error: external command `/home/athena/.elan/toolchains/leanprover--lean4---v4.3.0/bin/leanc` exited with code 1
error: > /home/athena/.elan/toolchains/leanprover--lean4---v4.3.0/bin/leanc -shared -o ./.lake/packages/std/.lake/build/lib/libStd-Lean-InfoTree-1.so ./.lake/packages/std/.lake/build/ir/Std/Lean/InfoTree.c.o -L./.lake/packages/std/.lake/build/lib
error: stderr:
ld.lld: error: ./.lake/packages/std/.lake/build/ir/Std/Lean/InfoTree.c.o: unknown file type
clang: error: linker command failed with exit code 1 (use -v to see invocation)
error: external command `/home/athena/.elan/toolchains/leanprover--lean4---v4.3.0/bin/leanc` exited with code 1
error: > /home/athena/.elan/toolchains/leanprover--lean4---v4.3.0/bin/leanc -shared -o ./.lake/packages/std/.lake/build/lib/libStd-Util-TermUnsafe-1.so ./.lake/packages/std/.lake/build/ir/Std/Util/TermUnsafe.c.o -L./.lake/packages/std/.lake/build/lib
error: stderr:
ld.lld: error: ./.lake/packages/std/.lake/build/ir/Std/Util/TermUnsafe.c.o: unknown file type
clang: error: linker command failed with exit code 1 (use -v to see invocation)
error: external command `/home/athena/.elan/toolchains/leanprover--lean4---v4.3.0/bin/leanc` exited with code 1
error: > /home/athena/.elan/toolchains/leanprover--lean4---v4.3.0/bin/leanc -shared -o ./.lake/packages/std/.lake/build/lib/libStd-Lean-Command-1.so ./.lake/packages/std/.lake/build/ir/Std/Lean/Command.c.o -L./.lake/packages/std/.lake/build/lib
error: stderr:
ld.lld: error: ./.lake/packages/std/.lake/build/ir/Std/Lean/Command.c.o: unknown file type
clang: error: linker command failed with exit code 1 (use -v to see invocation)
error: external command `/home/athena/.elan/toolchains/leanprover--lean4---v4.3.0/bin/leanc` exited with code 1
error: > /home/athena/.elan/toolchains/leanprover--lean4---v4.3.0/bin/leanc -shared -o ./.lake/packages/std/.lake/build/lib/libStd-Lean-TagAttribute-1.so ./.lake/packages/std/.lake/build/ir/Std/Lean/TagAttribute.c.o -L./.lake/packages/std/.lake/build/lib
error: stderr:
ld.lld: error: ./.lake/packages/std/.lake/build/ir/Std/Lean/TagAttribute.c.o: unknown file type
clang: error: linker command failed with exit code 1 (use -v to see invocation)
error: external command `/home/athena/.elan/toolchains/leanprover--lean4---v4.3.0/bin/leanc` exited with code 1
error: > /home/athena/.elan/toolchains/leanprover--lean4---v4.3.0/bin/leanc -shared -o ./.lake/packages/std/.lake/build/lib/libStd-Tactic-Unreachable-1.so ./.lake/packages/std/.lake/build/ir/Std/Tactic/Unreachable.c.o -L./.lake/packages/std/.lake/build/lib
error: stderr:
ld.lld: error: ./.lake/packages/std/.lake/build/ir/Std/Tactic/Unreachable.c.o: unknown file type
clang: error: linker command failed with exit code 1 (use -v to see invocation)
error: external command `/home/athena/.elan/toolchains/leanprover--lean4---v4.3.0/bin/leanc` exited with code 1
error: > /home/athena/.elan/toolchains/leanprover--lean4---v4.3.0/bin/leanc -shared -o ./.lake/packages/std/.lake/build/lib/libStd-Tactic-SeqFocus-1.so ./.lake/packages/std/.lake/build/ir/Std/Tactic/SeqFocus.c.o -L./.lake/packages/std/.lake/build/lib
error: stderr:
ld.lld: error: ./.lake/packages/std/.lake/build/ir/Std/Tactic/SeqFocus.c.o: unknown file type
clang: error: linker command failed with exit code 1 (use -v to see invocation)
error: external command `/home/athena/.elan/toolchains/leanprover--lean4---v4.3.0/bin/leanc` exited with code 1
error: > /home/athena/.elan/toolchains/leanprover--lean4---v4.3.0/bin/leanc -shared -o ./.lake/packages/std/.lake/build/lib/libStd-Lean-Float-1.so ./.lake/packages/std/.lake/build/ir/Std/Lean/Float.c.o -L./.lake/packages/std/.lake/build/lib
error: stderr:
ld.lld: error: ./.lake/packages/std/.lake/build/ir/Std/Lean/Float.c.o: unknown file type
clang: error: linker command failed with exit code 1 (use -v to see invocation)
error: external command `/home/athena/.elan/toolchains/leanprover--lean4---v4.3.0/bin/leanc` exited with code 1
error: > /home/athena/.elan/toolchains/leanprover--lean4---v4.3.0/bin/leanc -shared -o ./.lake/packages/std/.lake/build/lib/libStd-Tactic-ByCases-1.so ./.lake/packages/std/.lake/build/ir/Std/Tactic/ByCases.c.o -L./.lake/packages/std/.lake/build/lib
error: stderr:
ld.lld: error: ./.lake/packages/std/.lake/build/ir/Std/Tactic/ByCases.c.o: unknown file type
clang: error: linker command failed with exit code 1 (use -v to see invocation)
error: external command `/home/athena/.elan/toolchains/leanprover--lean4---v4.3.0/bin/leanc` exited with code 1
error: > /home/athena/.elan/toolchains/leanprover--lean4---v4.3.0/bin/leanc -shared -o ./.lake/packages/std/.lake/build/lib/libStd-Lean-LocalContext-1.so ./.lake/packages/std/.lake/build/ir/Std/Lean/LocalContext.c.o -L./.lake/packages/std/.lake/build/lib
error: stderr:
ld.lld: error: ./.lake/packages/std/.lake/build/ir/Std/Lean/LocalContext.c.o: unknown file type
clang: error: linker command failed with exit code 1 (use -v to see invocation)
error: external command `/home/athena/.elan/toolchains/leanprover--lean4---v4.3.0/bin/leanc` exited with code 1
error: > /home/athena/.elan/toolchains/leanprover--lean4---v4.3.0/bin/leanc -shared -o ./.lake/packages/std/.lake/build/lib/libStd-Lean-Tactic-1.so ./.lake/packages/std/.lake/build/ir/Std/Lean/Tactic.c.o -L./.lake/packages/std/.lake/build/lib
error: stderr:
ld.lld: error: ./.lake/packages/std/.lake/build/ir/Std/Lean/Tactic.c.o: unknown file type
clang: error: linker command failed with exit code 1 (use -v to see invocation)
error: external command `/home/athena/.elan/toolchains/leanprover--lean4---v4.3.0/bin/leanc` exited with code 1
error: > /home/athena/.elan/toolchains/leanprover--lean4---v4.3.0/bin/leanc -shared -o ./.lake/packages/std/.lake/build/lib/libStd-Lean-Parser-1.so ./.lake/packages/std/.lake/build/ir/Std/Lean/Parser.c.o -L./.lake/packages/std/.lake/build/lib
error: stderr:
ld.lld: error: ./.lake/packages/std/.lake/build/ir/Std/Lean/Parser.c.o: unknown file type
clang: error: linker command failed with exit code 1 (use -v to see invocation)
error: external command `/home/athena/.elan/toolchains/leanprover--lean4---v4.3.0/bin/leanc` exited with code 1
error: > /home/athena/.elan/toolchains/leanprover--lean4---v4.3.0/bin/leanc -shared -o ./.lake/packages/std/.lake/build/lib/libStd-Tactic-OpenPrivate-1.so ./.lake/packages/std/.lake/build/ir/Std/Tactic/OpenPrivate.c.o -L./.lake/packages/std/.lake/build/lib
error: stderr:
ld.lld: error: ./.lake/packages/std/.lake/build/ir/Std/Tactic/OpenPrivate.c.o: unknown file type
clang: error: linker command failed with exit code 1 (use -v to see invocation)
error: external command `/home/athena/.elan/toolchains/leanprover--lean4---v4.3.0/bin/leanc` exited with code 1
error: > /home/athena/.elan/toolchains/leanprover--lean4---v4.3.0/bin/leanc -shared -o ./.lake/packages/std/.lake/build/lib/libStd-Lean-PersistentHashMap-1.so ./.lake/packages/std/.lake/build/ir/Std/Lean/PersistentHashMap.c.o -L./.lake/packages/std/.lake/build/lib
error: stderr:
ld.lld: error: ./.lake/packages/std/.lake/build/ir/Std/Lean/PersistentHashMap.c.o: unknown file type
clang: error: linker command failed with exit code 1 (use -v to see invocation)
error: external command `/home/athena/.elan/toolchains/leanprover--lean4---v4.3.0/bin/leanc` exited with code 1
error: > /home/athena/.elan/toolchains/leanprover--lean4---v4.3.0/bin/leanc -shared -o ./.lake/packages/std/.lake/build/lib/libStd-Classes-Dvd-1.so ./.lake/packages/std/.lake/build/ir/Std/Classes/Dvd.c.o -L./.lake/packages/std/.lake/build/lib
error: > /home/athena/.elan/toolchains/leanprover--lean4---v4.3.0/bin/leanc -shared -o ./.lake/packages/std/.lake/build/lib/libStd-Lean-NameMapAttribute-1.so ./.lake/packages/std/.lake/build/ir/Std/Lean/NameMapAttribute.c.o -L./.lake/packages/std/.lake/build/lib
error: stderr:
ld.lld: error: ./.lake/packages/std/.lake/build/ir/Std/Lean/NameMapAttribute.c.o: unknown file type
clang: error: linker command failed with exit code 1 (use -v to see invocation)
error: external command `/home/athena/.elan/toolchains/leanprover--lean4---v4.3.0/bin/leanc` exited with code 1
error: stderr:
ld.lld: error: ./.lake/packages/std/.lake/build/ir/Std/Classes/Dvd.c.o: unknown file type
clang: error: linker command failed with exit code 1 (use -v to see invocation)
error: external command `/home/athena/.elan/toolchains/leanprover--lean4---v4.3.0/bin/leanc` exited with code 1
error: > /home/athena/.elan/toolchains/leanprover--lean4---v4.3.0/bin/leanc -shared -o ./.lake/packages/std/.lake/build/lib/libStd-Data-Ord-1.so ./.lake/packages/std/.lake/build/ir/Std/Data/Ord.c.o -L./.lake/packages/std/.lake/build/lib
error: stderr:
ld.lld: error: ./.lake/packages/std/.lake/build/ir/Std/Data/Ord.c.o: unknown file type
clang: error: linker command failed with exit code 1 (use -v to see invocation)
error: external command `/home/athena/.elan/toolchains/leanprover--lean4---v4.3.0/bin/leanc` exited with code 1
error: > /home/athena/.elan/toolchains/leanprover--lean4---v4.3.0/bin/leanc -shared -o ./.lake/packages/mathlib/.lake/build/lib/libMathlib-Mathport-Rename-1.so ./.lake/packages/mathlib/.lake/build/ir/Mathlib/Mathport/Rename.c.o -L./.lake/packages/mathlib/.lake/build/lib
error: stderr:
ld.lld: error: ./.lake/packages/mathlib/.lake/build/ir/Mathlib/Mathport/Rename.c.o: unknown file type
clang: error: linker command failed with exit code 1 (use -v to see invocation)
error: external command `/home/athena/.elan/toolchains/leanprover--lean4---v4.3.0/bin/leanc` exited with code 1
error: > /home/athena/.elan/toolchains/leanprover--lean4---v4.3.0/bin/leanc -shared -o ./.lake/packages/std/.lake/build/lib/libStd-Classes-BEq-1.so ./.lake/packages/std/.lake/build/ir/Std/Classes/BEq.c.o -L./.lake/packages/std/.lake/build/lib
error: stderr:
ld.lld: error: ./.lake/packages/std/.lake/build/ir/Std/Classes/BEq.c.o: unknown file type
clang: error: linker command failed with exit code 1 (use -v to see invocation)
error: > /home/athena/.elan/toolchains/leanprover--lean4---v4.3.0/bin/leanc -shared -o ./.lake/packages/std/.lake/build/lib/libStd-WF-1.so ./.lake/packages/std/.lake/build/ir/Std/WF.c.o -L./.lake/packages/std/.lake/build/lib
error: external command `/home/athena/.elan/toolchains/leanprover--lean4---v4.3.0/bin/leanc` exited with code 1
error: stderr:
ld.lld: error: ./.lake/packages/std/.lake/build/ir/Std/WF.c.o: unknown file type
clang: error: linker command failed with exit code 1 (use -v to see invocation)
error: external command `/home/athena/.elan/toolchains/leanprover--lean4---v4.3.0/bin/leanc` exited with code 1
error: > /home/athena/.elan/toolchains/leanprover--lean4---v4.3.0/bin/leanc -shared -o ./.lake/packages/std/.lake/build/lib/libStd-Lean-Meta-Expr-1.so ./.lake/packages/std/.lake/build/ir/Std/Lean/Meta/Expr.c.o -L./.lake/packages/std/.lake/build/lib
error: stderr:
ld.lld: error: ./.lake/packages/std/.lake/build/ir/Std/Lean/Meta/Expr.c.o: unknown file type
clang: error: linker command failed with exit code 1 (use -v to see invocation)
error: external command `/home/athena/.elan/toolchains/leanprover--lean4---v4.3.0/bin/leanc` exited with code 1
error: > /home/athena/.elan/toolchains/leanprover--lean4---v4.3.0/bin/leanc -shared -o ./.lake/packages/std/.lake/build/lib/libStd-Util-LibraryNote-1.so ./.lake/packages/std/.lake/build/ir/Std/Util/LibraryNote.c.o -L./.lake/packages/std/.lake/build/lib
error: stderr:
ld.lld: error: ./.lake/packages/std/.lake/build/ir/Std/Util/LibraryNote.c.o: unknown file type
clang: error: linker command failed with exit code 1 (use -v to see invocation)
error: external command `/home/athena/.elan/toolchains/leanprover--lean4---v4.3.0/bin/leanc` exited with code 1
error: > /home/athena/.elan/toolchains/leanprover--lean4---v4.3.0/bin/leanc -shared -o ./.lake/packages/std/.lake/build/lib/libStd-Lean-Delaborator-1.so ./.lake/packages/std/.lake/build/ir/Std/Lean/Delaborator.c.o -L./.lake/packages/std/.lake/build/lib
error: stderr:
ld.lld: error: ./.lake/packages/std/.lake/build/ir/Std/Lean/Delaborator.c.o: unknown file type
clang: error: linker command failed with exit code 1 (use -v to see invocation)
error: external command `/home/athena/.elan/toolchains/leanprover--lean4---v4.3.0/bin/leanc` exited with code 1
error: > /home/athena/.elan/toolchains/leanprover--lean4---v4.3.0/bin/leanc -shared -o ./.lake/packages/std/.lake/build/lib/libStd-Data-Array-Init-Basic-1.so ./.lake/packages/std/.lake/build/ir/Std/Data/Array/Init/Basic.c.o -L./.lake/packages/std/.lake/build/lib
error: stderr:
ld.lld: error: ./.lake/packages/std/.lake/build/ir/Std/Data/Array/Init/Basic.c.o: unknown file type
clang: error: linker command failed with exit code 1 (use -v to see invocation)
error: external command `/home/athena/.elan/toolchains/leanprover--lean4---v4.3.0/bin/leanc` exited with code 1
error: > /home/athena/.elan/toolchains/leanprover--lean4---v4.3.0/bin/leanc -shared -o ./.lake/packages/std/.lake/build/lib/libStd-Lean-Elab-Tactic-1.so ./.lake/packages/std/.lake/build/ir/Std/Lean/Elab/Tactic.c.o -L./.lake/packages/std/.lake/build/lib
error: stderr:
ld.lld: error: ./.lake/packages/std/.lake/build/ir/Std/Lean/Elab/Tactic.c.o: unknown file type
clang: error: linker command failed with exit code 1 (use -v to see invocation)
error: external command `/home/athena/.elan/toolchains/leanprover--lean4---v4.3.0/bin/leanc` exited with code 1
error: > /home/athena/.elan/toolchains/leanprover--lean4---v4.3.0/bin/leanc -shared -o ./.lake/packages/std/.lake/build/lib/libStd-Tactic-RCases-1.so ./.lake/packages/std/.lake/build/ir/Std/Tactic/RCases.c.o -L./.lake/packages/std/.lake/build/lib
error: stderr:
ld.lld: error: ./.lake/packages/std/.lake/build/ir/Std/Tactic/RCases.c.o: unknown file type
clang: error: linker command failed with exit code 1 (use -v to see invocation)
error: external command `/home/athena/.elan/toolchains/leanprover--lean4---v4.3.0/bin/leanc` exited with code 1
error: > /home/athena/.elan/toolchains/leanprover--lean4---v4.3.0/bin/leanc -shared -o ./.lake/packages/std/.lake/build/lib/libStd-Data-DList-1.so ./.lake/packages/std/.lake/build/ir/Std/Data/DList.c.o -L./.lake/packages/std/.lake/build/lib
error: stderr:
ld.lld: error: ./.lake/packages/std/.lake/build/ir/Std/Data/DList.c.o: unknown file type
clang: error: linker command failed with exit code 1 (use -v to see invocation)
error: external command `/home/athena/.elan/toolchains/leanprover--lean4---v4.3.0/bin/leanc` exited with code 1
error: > /home/athena/.elan/toolchains/leanprover--lean4---v4.3.0/bin/leanc -shared -o ./.lake/packages/std/.lake/build/lib/libStd-Control-ForInStep-Basic-1.so ./.lake/packages/std/.lake/build/ir/Std/Control/ForInStep/Basic.c.o -L./.lake/packages/std/.lake/build/lib
error: stderr:
ld.lld: error: ./.lake/packages/std/.lake/build/ir/Std/Control/ForInStep/Basic.c.o: unknown file type
clang: error: linker command failed with exit code 1 (use -v to see invocation)
error: external command `/home/athena/.elan/toolchains/leanprover--lean4---v4.3.0/bin/leanc` exited with code 1
error: > /home/athena/.elan/toolchains/leanprover--lean4---v4.3.0/bin/leanc -shared -o ./.lake/packages/std/.lake/build/lib/libStd-Util-ExtendedBinder-1.so ./.lake/packages/std/.lake/build/ir/Std/Util/ExtendedBinder.c.o -L./.lake/packages/std/.lake/build/lib
error: stderr:
ld.lld: error: ./.lake/packages/std/.lake/build/ir/Std/Util/ExtendedBinder.c.o: unknown file type
clang: error: linker command failed with exit code 1 (use -v to see invocation)
error: external command `/home/athena/.elan/toolchains/leanprover--lean4---v4.3.0/bin/leanc` exited with code 1
error: > /home/athena/.elan/toolchains/leanprover--lean4---v4.3.0/bin/leanc -shared -o ./.lake/packages/std/.lake/build/lib/libStd-Tactic-HaveI-1.so ./.lake/packages/std/.lake/build/ir/Std/Tactic/HaveI.c.o -L./.lake/packages/std/.lake/build/lib
error: stderr:
ld.lld: error: ./.lake/packages/std/.lake/build/ir/Std/Tactic/HaveI.c.o: unknown file type
clang: error: linker command failed with exit code 1 (use -v to see invocation)
error: external command `/home/athena/.elan/toolchains/leanprover--lean4---v4.3.0/bin/leanc` exited with code 1
error: > /home/athena/.elan/toolchains/leanprover--lean4---v4.3.0/bin/leanc -shared -o ./.lake/packages/std/.lake/build/lib/libStd-Util-ProofWanted-1.so ./.lake/packages/std/.lake/build/ir/Std/Util/ProofWanted.c.o -L./.lake/packages/std/.lake/build/lib
error: stderr:
ld.lld: error: ./.lake/packages/std/.lake/build/ir/Std/Util/ProofWanted.c.o: unknown file type
clang: error: linker command failed with exit code 1 (use -v to see invocation)
error: external command `/home/athena/.elan/toolchains/leanprover--lean4---v4.3.0/bin/leanc` exited with code 1
error: > /home/athena/.elan/toolchains/leanprover--lean4---v4.3.0/bin/leanc -shared -o ./.lake/packages/std/.lake/build/lib/libStd-Lean-CoreM-1.so ./.lake/packages/std/.lake/build/ir/Std/Lean/CoreM.c.o -L./.lake/packages/std/.lake/build/lib
error: stderr:
ld.lld: error: ./.lake/packages/std/.lake/build/ir/Std/Lean/CoreM.c.o: unknown file type
clang: error: linker command failed with exit code 1 (use -v to see invocation)
error: external command `/home/athena/.elan/toolchains/leanprover--lean4---v4.3.0/bin/leanc` exited with code 1
error: > /home/athena/.elan/toolchains/leanprover--lean4---v4.3.0/bin/leanc -shared -o ./.lake/packages/std/.lake/build/lib/libStd-Data-Fin-Init-Lemmas-1.so ./.lake/packages/std/.lake/build/ir/Std/Data/Fin/Init/Lemmas.c.o -L./.lake/packages/std/.lake/build/lib
error: stderr:
ld.lld: error: ./.lake/packages/std/.lake/build/ir/Std/Data/Fin/Init/Lemmas.c.o: unknown file type
clang: error: linker command failed with exit code 1 (use -v to see invocation)
error: external command `/home/athena/.elan/toolchains/leanprover--lean4---v4.3.0/bin/leanc` exited with code 1
error: > /home/athena/.elan/toolchains/leanprover--lean4---v4.3.0/bin/leanc -shared -o ./.lake/packages/std/.lake/build/lib/libStd-Lean-HashMap-1.so ./.lake/packages/std/.lake/build/ir/Std/Lean/HashMap.c.o -L./.lake/packages/std/.lake/build/lib
error: stderr:
ld.lld: error: ./.lake/packages/std/.lake/build/ir/Std/Lean/HashMap.c.o: unknown file type
clang: error: linker command failed with exit code 1 (use -v to see invocation)
error: external command `/home/athena/.elan/toolchains/leanprover--lean4---v4.3.0/bin/leanc` exited with code 1
error: > /home/athena/.elan/toolchains/leanprover--lean4---v4.3.0/bin/leanc -shared -o ./.lake/packages/std/.lake/build/lib/libStd-Data-Option-Init-Lemmas-1.so ./.lake/packages/std/.lake/build/ir/Std/Data/Option/Init/Lemmas.c.o -L./.lake/packages/std/.lake/build/lib
error: stderr:
ld.lld: error: ./.lake/packages/std/.lake/build/ir/Std/Data/Option/Init/Lemmas.c.o: unknown file type
clang: error: linker command failed with exit code 1 (use -v to see invocation)
error: external command `/home/athena/.elan/toolchains/leanprover--lean4---v4.3.0/bin/leanc` exited with code 1
error: > /home/athena/.elan/toolchains/leanprover--lean4---v4.3.0/bin/leanc -shared -o ./.lake/packages/std/.lake/build/lib/libStd-Lean-Expr-1.so ./.lake/packages/std/.lake/build/ir/Std/Lean/Expr.c.o -L./.lake/packages/std/.lake/build/lib
error: > /home/athena/.elan/toolchains/leanprover--lean4---v4.3.0/bin/leanc -shared -o ./.lake/packages/std/.lake/build/lib/libStd-Lean-HashSet-1.so ./.lake/packages/std/.lake/build/ir/Std/Lean/HashSet.c.o -L./.lake/packages/std/.lake/build/lib
error: stderr:
ld.lld: error: ./.lake/packages/std/.lake/build/ir/Std/Lean/Expr.c.o: unknown file type
clang: error: linker command failed with exit code 1 (use -v to see invocation)
error: stderr:
ld.lld: error: ./.lake/packages/std/.lake/build/ir/Std/Lean/HashSet.c.o: unknown file type
clang: error: linker command failed with exit code 1 (use -v to see invocation)
error: external command `/home/athena/.elan/toolchains/leanprover--lean4---v4.3.0/bin/leanc` exited with code 1
error: external command `/home/athena/.elan/toolchains/leanprover--lean4---v4.3.0/bin/leanc` exited with code 1
error: > /home/athena/.elan/toolchains/leanprover--lean4---v4.3.0/bin/leanc -shared -o ./.lake/packages/std/.lake/build/lib/libStd-Lean-MonadBacktrack-1.so ./.lake/packages/std/.lake/build/ir/Std/Lean/MonadBacktrack.c.o -L./.lake/packages/std/.lake/build/lib
error: stderr:
ld.lld: error: ./.lake/packages/std/.lake/build/ir/Std/Lean/MonadBacktrack.c.o: unknown file type
clang: error: linker command failed with exit code 1 (use -v to see invocation)
error: external command `/home/athena/.elan/toolchains/leanprover--lean4---v4.3.0/bin/leanc` exited with code 1
error: > /home/athena/.elan/toolchains/leanprover--lean4---v4.3.0/bin/leanc -shared -o ./.lake/packages/std/.lake/build/lib/libStd-Lean-Meta-Inaccessible-1.so ./.lake/packages/std/.lake/build/ir/Std/Lean/Meta/Inaccessible.c.o -L./.lake/packages/std/.lake/build/lib
error: stderr:
ld.lld: error: ./.lake/packages/std/.lake/build/ir/Std/Lean/Meta/Inaccessible.c.o: unknown file type
clang: error: linker command failed with exit code 1 (use -v to see invocation)
error: external command `/home/athena/.elan/toolchains/leanprover--lean4---v4.3.0/bin/leanc` exited with code 1
error: > /home/athena/.elan/toolchains/leanprover--lean4---v4.3.0/bin/leanc -shared -o ./.lake/packages/std/.lake/build/lib/libStd-Tactic-Instances-1.so ./.lake/packages/std/.lake/build/ir/Std/Tactic/Instances.c.o -L./.lake/packages/std/.lake/build/lib
error: stderr:
ld.lld: error: ./.lake/packages/std/.lake/build/ir/Std/Tactic/Instances.c.o: unknown file type
clang: error: linker command failed with exit code 1 (use -v to see invocation)
error: external command `/home/athena/.elan/toolchains/leanprover--lean4---v4.3.0/bin/leanc` exited with code 1
error: > /home/athena/.elan/toolchains/leanprover--lean4---v4.3.0/bin/leanc -shared -o ./.lake/packages/std/.lake/build/lib/libStd-Data-Prod-Lex-1.so ./.lake/packages/std/.lake/build/ir/Std/Data/Prod/Lex.c.o -L./.lake/packages/std/.lake/build/lib
error: stderr:
ld.lld: error: ./.lake/packages/std/.lake/build/ir/Std/Data/Prod/Lex.c.o: unknown file type
clang: error: linker command failed with exit code 1 (use -v to see invocation)
error: external command `/home/athena/.elan/toolchains/leanprover--lean4---v4.3.0/bin/leanc` exited with code 1
error: > /home/athena/.elan/toolchains/leanprover--lean4---v4.3.0/bin/leanc -shared -o ./.lake/packages/std/.lake/build/lib/libStd-Tactic-Exact-1.so ./.lake/packages/std/.lake/build/ir/Std/Tactic/Exact.c.o -L./.lake/packages/std/.lake/build/lib
error: stderr:
ld.lld: error: ./.lake/packages/std/.lake/build/ir/Std/Tactic/Exact.c.o: unknown file type
clang: error: linker command failed with exit code 1 (use -v to see invocation)
error: external command `/home/athena/.elan/toolchains/leanprover--lean4---v4.3.0/bin/leanc` exited with code 1
error: > /home/athena/.elan/toolchains/leanprover--lean4---v4.3.0/bin/leanc -shared -o ./.lake/packages/std/.lake/build/lib/libStd-Lean-PersistentHashSet-1.so ./.lake/packages/std/.lake/build/ir/Std/Lean/PersistentHashSet.c.o -L./.lake/packages/std/.lake/build/lib
error: stderr:
ld.lld: error: ./.lake/packages/std/.lake/build/ir/Std/Lean/PersistentHashSet.c.o: unknown file type
clang: error: linker command failed with exit code 1 (use -v to see invocation)
error: external command `/home/athena/.elan/toolchains/leanprover--lean4---v4.3.0/bin/leanc` exited with code 1
error: > /home/athena/.elan/toolchains/leanprover--lean4---v4.3.0/bin/leanc -shared -o ./.lake/packages/std/.lake/build/lib/libStd-Tactic-Change-1.so ./.lake/packages/std/.lake/build/ir/Std/Tactic/Change.c.o -L./.lake/packages/std/.lake/build/lib
error: stderr:
ld.lld: error: ./.lake/packages/std/.lake/build/ir/Std/Tactic/Change.c.o: unknown file type
clang: error: linker command failed with exit code 1 (use -v to see invocation)
error: external command `/home/athena/.elan/toolchains/leanprover--lean4---v4.3.0/bin/leanc` exited with code 1
error: > /home/athena/.elan/toolchains/leanprover--lean4---v4.3.0/bin/leanc -shared -o ./.lake/packages/std/.lake/build/lib/libStd-Data-MLList-Basic-1.so ./.lake/packages/std/.lake/build/ir/Std/Data/MLList/Basic.c.o -L./.lake/packages/std/.lake/build/lib
error: stderr:
ld.lld: error: ./.lake/packages/std/.lake/build/ir/Std/Data/MLList/Basic.c.o: unknown file type
clang: error: linker command failed with exit code 1 (use -v to see invocation)
error: external command `/home/athena/.elan/toolchains/leanprover--lean4---v4.3.0/bin/leanc` exited with code 1
error: > /home/athena/.elan/toolchains/leanprover--lean4---v4.3.0/bin/leanc -shared -o ./.lake/packages/std/.lake/build/lib/libStd-Tactic-Case-1.so ./.lake/packages/std/.lake/build/ir/Std/Tactic/Case.c.o -L./.lake/packages/std/.lake/build/lib
error: stderr:
ld.lld: error: ./.lake/packages/std/.lake/build/ir/Std/Tactic/Case.c.o: unknown file type
clang: error: linker command failed with exit code 1 (use -v to see invocation)
error: external command `/home/athena/.elan/toolchains/leanprover--lean4---v4.3.0/bin/leanc` exited with code 1
error: > /home/athena/.elan/toolchains/leanprover--lean4---v4.3.0/bin/leanc -shared -o ./.lake/packages/std/.lake/build/lib/libStd-Tactic-Replace-1.so ./.lake/packages/std/.lake/build/ir/Std/Tactic/Replace.c.o -L./.lake/packages/std/.lake/build/lib
error: stderr:
ld.lld: error: ./.lake/packages/std/.lake/build/ir/Std/Tactic/Replace.c.o: unknown file type
clang: error: linker command failed with exit code 1 (use -v to see invocation)
error: external command `/home/athena/.elan/toolchains/leanprover--lean4---v4.3.0/bin/leanc` exited with code 1
error: > /home/athena/.elan/toolchains/leanprover--lean4---v4.3.0/bin/leanc -shared -o ./.lake/packages/std/.lake/build/lib/libStd-Lean-Util-Path-1.so ./.lake/packages/std/.lake/build/ir/Std/Lean/Util/Path.c.o -L./.lake/packages/std/.lake/build/lib
error: stderr:
ld.lld: error: ./.lake/packages/std/.lake/build/ir/Std/Lean/Util/Path.c.o: unknown file type
clang: error: linker command failed with exit code 1 (use -v to see invocation)
error: external command `/home/athena/.elan/toolchains/leanprover--lean4---v4.3.0/bin/leanc` exited with code 1
error: > /home/athena/.elan/toolchains/leanprover--lean4---v4.3.0/bin/leanc -shared -o ./.lake/packages/std/.lake/build/lib/libStd-Tactic-LabelAttr-1.so ./.lake/packages/std/.lake/build/ir/Std/Tactic/LabelAttr.c.o -L./.lake/packages/std/.lake/build/lib
error: stderr:
ld.lld: error: ./.lake/packages/std/.lake/build/ir/Std/Tactic/LabelAttr.c.o: unknown file type
clang: error: linker command failed with exit code 1 (use -v to see invocation)
error: external command `/home/athena/.elan/toolchains/leanprover--lean4---v4.3.0/bin/leanc` exited with code 1
error: > /home/athena/.elan/toolchains/leanprover--lean4---v4.3.0/bin/leanc -shared -o ./.lake/packages/mathlib/.lake/build/lib/libMathlib-Util-MemoFix-1.so ./.lake/packages/mathlib/.lake/build/ir/Mathlib/Util/MemoFix.c.o -L./.lake/packages/mathlib/.lake/build/lib
error: stderr:
ld.lld: error: ./.lake/packages/mathlib/.lake/build/ir/Mathlib/Util/MemoFix.c.o: unknown file type
clang: error: linker command failed with exit code 1 (use -v to see invocation)
error: external command `/home/athena/.elan/toolchains/leanprover--lean4---v4.3.0/bin/leanc` exited with code 1
error: > /home/athena/.elan/toolchains/leanprover--lean4---v4.3.0/bin/leanc -shared -o ./.lake/packages/mathlib/.lake/build/lib/libMathlib-Tactic-Coe-1.so ./.lake/packages/mathlib/.lake/build/ir/Mathlib/Tactic/Coe.c.o -L./.lake/packages/mathlib/.lake/build/lib
error: stderr:
ld.lld: error: ./.lake/packages/mathlib/.lake/build/ir/Mathlib/Tactic/Coe.c.o: unknown file type
clang: error: linker command failed with exit code 1 (use -v to see invocation)
error: external command `/home/athena/.elan/toolchains/leanprover--lean4---v4.3.0/bin/leanc` exited with code 1
error: > /home/athena/.elan/toolchains/leanprover--lean4---v4.3.0/bin/leanc -shared -o ./.lake/packages/std/.lake/build/lib/libStd-Tactic-LeftRight-1.so ./.lake/packages/std/.lake/build/ir/Std/Tactic/LeftRight.c.o -L./.lake/packages/std/.lake/build/lib
error: stderr:
ld.lld: error: ./.lake/packages/std/.lake/build/ir/Std/Tactic/LeftRight.c.o: unknown file type
clang: error: linker command failed with exit code 1 (use -v to see invocation)
error: external command `/home/athena/.elan/toolchains/leanprover--lean4---v4.3.0/bin/leanc` exited with code 1
error: > /home/athena/.elan/toolchains/leanprover--lean4---v4.3.0/bin/leanc -shared -o ./.lake/packages/mathlib/.lake/build/lib/libMathlib-Lean-EnvExtension-1.so ./.lake/packages/mathlib/.lake/build/ir/Mathlib/Lean/EnvExtension.c.o -L./.lake/packages/mathlib/.lake/build/lib
error: stderr:
ld.lld: error: ./.lake/packages/mathlib/.lake/build/ir/Mathlib/Lean/EnvExtension.c.o: unknown file type
clang: error: linker command failed with exit code 1 (use -v to see invocation)
error: external command `/home/athena/.elan/toolchains/leanprover--lean4---v4.3.0/bin/leanc` exited with code 1
error: > /home/athena/.elan/toolchains/leanprover--lean4---v4.3.0/bin/leanc -shared -o ./.lake/packages/mathlib/.lake/build/lib/libMathlib-Util-WithWeakNamespace-1.so ./.lake/packages/mathlib/.lake/build/ir/Mathlib/Util/WithWeakNamespace.c.o -L./.lake/packages/mathlib/.lake/build/lib
error: stderr:
ld.lld: error: ./.lake/packages/mathlib/.lake/build/ir/Mathlib/Util/WithWeakNamespace.c.o: unknown file type
clang: error: linker command failed with exit code 1 (use -v to see invocation)
error: external command `/home/athena/.elan/toolchains/leanprover--lean4---v4.3.0/bin/leanc` exited with code 1
error: > /home/athena/.elan/toolchains/leanprover--lean4---v4.3.0/bin/leanc -shared -o ./.lake/packages/mathlib/.lake/build/lib/libMathlib-Mathport-Attributes-1.so ./.lake/packages/mathlib/.lake/build/ir/Mathlib/Mathport/Attributes.c.o -L./.lake/packages/mathlib/.lake/build/lib
error: stderr:
ld.lld: error: ./.lake/packages/mathlib/.lake/build/ir/Mathlib/Mathport/Attributes.c.o: unknown file type
clang: error: linker command failed with exit code 1 (use -v to see invocation)
error: external command `/home/athena/.elan/toolchains/leanprover--lean4---v4.3.0/bin/leanc` exited with code 1
error: > /home/athena/.elan/toolchains/leanprover--lean4---v4.3.0/bin/leanc -shared -o ./.lake/packages/mathlib/.lake/build/lib/libMathlib-Data-Array-Defs-1.so ./.lake/packages/mathlib/.lake/build/ir/Mathlib/Data/Array/Defs.c.o -L./.lake/packages/mathlib/.lake/build/lib
error: stderr:
ld.lld: error: ./.lake/packages/mathlib/.lake/build/ir/Mathlib/Data/Array/Defs.c.o: unknown file type
clang: error: linker command failed with exit code 1 (use -v to see invocation)
error: external command `/home/athena/.elan/toolchains/leanprover--lean4---v4.3.0/bin/leanc` exited with code 1
error: > /home/athena/.elan/toolchains/leanprover--lean4---v4.3.0/bin/leanc -shared -o ./.lake/packages/mathlib/.lake/build/lib/libMathlib-Init-Data-Nat-Notation-1.so ./.lake/packages/mathlib/.lake/build/ir/Mathlib/Init/Data/Nat/Notation.c.o -L./.lake/packages/mathlib/.lake/build/lib
error: stderr:
ld.lld: error: ./.lake/packages/mathlib/.lake/build/ir/Mathlib/Init/Data/Nat/Notation.c.o: unknown file type
clang: error: linker command failed with exit code 1 (use -v to see invocation)
error: external command `/home/athena/.elan/toolchains/leanprover--lean4---v4.3.0/bin/leanc` exited with code 1
error: > /home/athena/.elan/toolchains/leanprover--lean4---v4.3.0/bin/leanc -shared -o ./.lake/packages/mathlib/.lake/build/lib/libMathlib-Util-Syntax-1.so ./.lake/packages/mathlib/.lake/build/ir/Mathlib/Util/Syntax.c.o -L./.lake/packages/mathlib/.lake/build/lib
error: stderr:
ld.lld: error: ./.lake/packages/mathlib/.lake/build/ir/Mathlib/Util/Syntax.c.o: unknown file type
clang: error: linker command failed with exit code 1 (use -v to see invocation)
error: external command `/home/athena/.elan/toolchains/leanprover--lean4---v4.3.0/bin/leanc` exited with code 1
error: > /home/athena/.elan/toolchains/leanprover--lean4---v4.3.0/bin/leanc -shared -o ./.lake/packages/mathlib/.lake/build/lib/libMathlib-Tactic-Spread-1.so ./.lake/packages/mathlib/.lake/build/ir/Mathlib/Tactic/Spread.c.o -L./.lake/packages/mathlib/.lake/build/lib
error: stderr:
ld.lld: error: ./.lake/packages/mathlib/.lake/build/ir/Mathlib/Tactic/Spread.c.o: unknown file type
clang: error: linker command failed with exit code 1 (use -v to see invocation)
error: external command `/home/athena/.elan/toolchains/leanprover--lean4---v4.3.0/bin/leanc` exited with code 1
error: > /home/athena/.elan/toolchains/leanprover--lean4---v4.3.0/bin/leanc -shared -o ./.lake/packages/mathlib/.lake/build/lib/libMathlib-Tactic-Substs-1.so ./.lake/packages/mathlib/.lake/build/ir/Mathlib/Tactic/Substs.c.o -L./.lake/packages/mathlib/.lake/build/lib
error: stderr:
ld.lld: error: ./.lake/packages/mathlib/.lake/build/ir/Mathlib/Tactic/Substs.c.o: unknown file type
clang: error: linker command failed with exit code 1 (use -v to see invocation)
error: external command `/home/athena/.elan/toolchains/leanprover--lean4---v4.3.0/bin/leanc` exited with code 1
error: > /home/athena/.elan/toolchains/leanprover--lean4---v4.3.0/bin/leanc -shared -o ./.lake/packages/mathlib/.lake/build/lib/libMathlib-Lean-Elab-Term-1.so ./.lake/packages/mathlib/.lake/build/ir/Mathlib/Lean/Elab/Term.c.o -L./.lake/packages/mathlib/.lake/build/lib
error: stderr:
ld.lld: error: ./.lake/packages/mathlib/.lake/build/ir/Mathlib/Lean/Elab/Term.c.o: unknown file type
clang: error: linker command failed with exit code 1 (use -v to see invocation)
error: external command `/home/athena/.elan/toolchains/leanprover--lean4---v4.3.0/bin/leanc` exited with code 1
error: > /home/athena/.elan/toolchains/leanprover--lean4---v4.3.0/bin/leanc -shared -o ./.lake/packages/mathlib/.lake/build/lib/libMathlib-Lean-PrettyPrinter-Delaborator-1.so ./.lake/packages/mathlib/.lake/build/ir/Mathlib/Lean/PrettyPrinter/Delaborator.c.o -L./.lake/packages/mathlib/.lake/build/lib
error: stderr:
ld.lld: error: ./.lake/packages/mathlib/.lake/build/ir/Mathlib/Lean/PrettyPrinter/Delaborator.c.o: unknown file type
clang: error: linker command failed with exit code 1 (use -v to see invocation)
error: external command `/home/athena/.elan/toolchains/leanprover--lean4---v4.3.0/bin/leanc` exited with code 1
error: > /home/athena/.elan/toolchains/leanprover--lean4---v4.3.0/bin/leanc -shared -o ./.lake/packages/aesop/.lake/build/lib/libAesop-Nanos-1.so ./.lake/packages/aesop/.lake/build/ir/Aesop/Nanos.c.o -L./.lake/packages/aesop/.lake/build/lib
error: stderr:
ld.lld: error: ./.lake/packages/aesop/.lake/build/ir/Aesop/Nanos.c.o: unknown file type
clang: error: linker command failed with exit code 1 (use -v to see invocation)
error: external command `/home/athena/.elan/toolchains/leanprover--lean4---v4.3.0/bin/leanc` exited with code 1
error: > /home/athena/.elan/toolchains/leanprover--lean4---v4.3.0/bin/leanc -shared -o ./.lake/packages/aesop/.lake/build/lib/libAesop-Check-1.so ./.lake/packages/aesop/.lake/build/ir/Aesop/Check.c.o -L./.lake/packages/aesop/.lake/build/lib
error: stderr:
ld.lld: error: ./.lake/packages/aesop/.lake/build/ir/Aesop/Check.c.o: unknown file type
clang: error: linker command failed with exit code 1 (use -v to see invocation)
error: external command `/home/athena/.elan/toolchains/leanprover--lean4---v4.3.0/bin/leanc` exited with code 1
error: > /home/athena/.elan/toolchains/leanprover--lean4---v4.3.0/bin/leanc -shared -o ./.lake/packages/std/.lake/build/lib/libStd-Tactic-Where-1.so ./.lake/packages/std/.lake/build/ir/Std/Tactic/Where.c.o -L./.lake/packages/std/.lake/build/lib
error: stderr:
ld.lld: error: ./.lake/packages/std/.lake/build/ir/Std/Tactic/Where.c.o: unknown file type
clang: error: linker command failed with exit code 1 (use -v to see invocation)
error: external command `/home/athena/.elan/toolchains/leanprover--lean4---v4.3.0/bin/leanc` exited with code 1
error: > /home/athena/.elan/toolchains/leanprover--lean4---v4.3.0/bin/leanc -shared -o ./.lake/packages/mathlib/.lake/build/lib/libMathlib-Tactic-Classical-1.so ./.lake/packages/mathlib/.lake/build/ir/Mathlib/Tactic/Classical.c.o -L./.lake/packages/mathlib/.lake/build/lib
error: stderr:
ld.lld: error: ./.lake/packages/mathlib/.lake/build/ir/Mathlib/Tactic/Classical.c.o: unknown file type
clang: error: linker command failed with exit code 1 (use -v to see invocation)
error: external command `/home/athena/.elan/toolchains/leanprover--lean4---v4.3.0/bin/leanc` exited with code 1
error: > /home/athena/.elan/toolchains/leanprover--lean4---v4.3.0/bin/leanc -shared -o ./.lake/packages/aesop/.lake/build/lib/libAesop-Frontend-ElabM-1.so ./.lake/packages/aesop/.lake/build/ir/Aesop/Frontend/ElabM.c.o -L./.lake/packages/aesop/.lake/build/lib
error: stderr:
ld.lld: error: ./.lake/packages/aesop/.lake/build/ir/Aesop/Frontend/ElabM.c.o: unknown file type
clang: error: linker command failed with exit code 1 (use -v to see invocation)
error: external command `/home/athena/.elan/toolchains/leanprover--lean4---v4.3.0/bin/leanc` exited with code 1
error: > /home/athena/.elan/toolchains/leanprover--lean4---v4.3.0/bin/leanc -shared -o ./.lake/packages/aesop/.lake/build/lib/libAesop-Percent-1.so ./.lake/packages/aesop/.lake/build/ir/Aesop/Percent.c.o -L./.lake/packages/aesop/.lake/build/lib
error: stderr:
ld.lld: error: ./.lake/packages/aesop/.lake/build/ir/Aesop/Percent.c.o: unknown file type
clang: error: linker command failed with exit code 1 (use -v to see invocation)
error: external command `/home/athena/.elan/toolchains/leanprover--lean4---v4.3.0/bin/leanc` exited with code 1
error: > /home/athena/.elan/toolchains/leanprover--lean4---v4.3.0/bin/leanc -shared -o ./.lake/packages/mathlib/.lake/build/lib/libMathlib-Tactic-SimpRw-1.so ./.lake/packages/mathlib/.lake/build/ir/Mathlib/Tactic/SimpRw.c.o -L./.lake/packages/mathlib/.lake/build/lib
error: stderr:
ld.lld: error: ./.lake/packages/mathlib/.lake/build/ir/Mathlib/Tactic/SimpRw.c.o: unknown file type
clang: error: linker command failed with exit code 1 (use -v to see invocation)
error: external command `/home/athena/.elan/toolchains/leanprover--lean4---v4.3.0/bin/leanc` exited with code 1
error: > /home/athena/.elan/toolchains/leanprover--lean4---v4.3.0/bin/leanc -shared -o ./.lake/packages/aesop/.lake/build/lib/libAesop-Frontend-Basic-1.so ./.lake/packages/aesop/.lake/build/ir/Aesop/Frontend/Basic.c.o -L./.lake/packages/aesop/.lake/build/lib
error: stderr:
ld.lld: error: ./.lake/packages/aesop/.lake/build/ir/Aesop/Frontend/Basic.c.o: unknown file type
clang: error: linker command failed with exit code 1 (use -v to see invocation)
error: external command `/home/athena/.elan/toolchains/leanprover--lean4---v4.3.0/bin/leanc` exited with code 1
error: > /home/athena/.elan/toolchains/leanprover--lean4---v4.3.0/bin/leanc -shared -o ./.lake/packages/Qq/.lake/build/lib/libQq-Typ-1.so ./.lake/packages/Qq/.lake/build/ir/Qq/Typ.c.o -L./.lake/packages/Qq/.lake/build/lib
error: stderr:
ld.lld: error: ./.lake/packages/Qq/.lake/build/ir/Qq/Typ.c.o: unknown file type
clang: error: linker command failed with exit code 1 (use -v to see invocation)
error: external command `/home/athena/.elan/toolchains/leanprover--lean4---v4.3.0/bin/leanc` exited with code 1
error: > /home/athena/.elan/toolchains/leanprover--lean4---v4.3.0/bin/leanc -shared -o ./.lake/packages/Qq/.lake/build/lib/libQq-ForLean-ReduceEval-1.so ./.lake/packages/Qq/.lake/build/ir/Qq/ForLean/ReduceEval.c.o -L./.lake/packages/Qq/.lake/build/lib
error: stderr:
ld.lld: error: ./.lake/packages/Qq/.lake/build/ir/Qq/ForLean/ReduceEval.c.o: unknown file type
clang: error: linker command failed with exit code 1 (use -v to see invocation)
error: external command `/home/athena/.elan/toolchains/leanprover--lean4---v4.3.0/bin/leanc` exited with code 1
error: > /home/athena/.elan/toolchains/leanprover--lean4---v4.3.0/bin/leanc -shared -o ./.lake/packages/Qq/.lake/build/lib/libQq-ForLean-ToExpr-1.so ./.lake/packages/Qq/.lake/build/ir/Qq/ForLean/ToExpr.c.o -L./.lake/packages/Qq/.lake/build/lib
error: stderr:
ld.lld: error: ./.lake/packages/Qq/.lake/build/ir/Qq/ForLean/ToExpr.c.o: unknown file type
clang: error: linker command failed with exit code 1 (use -v to see invocation)
error: external command `/home/athena/.elan/toolchains/leanprover--lean4---v4.3.0/bin/leanc` exited with code 1
error: > /home/athena/.elan/toolchains/leanprover--lean4---v4.3.0/bin/leanc -shared -o ./.lake/packages/aesop/.lake/build/lib/libAesop-Options-Public-1.so ./.lake/packages/aesop/.lake/build/ir/Aesop/Options/Public.c.o -L./.lake/packages/aesop/.lake/build/lib
error: stderr:
ld.lld: error: ./.lake/packages/aesop/.lake/build/ir/Aesop/Options/Public.c.o: unknown file type
clang: error: linker command failed with exit code 1 (use -v to see invocation)
error: external command `/home/athena/.elan/toolchains/leanprover--lean4---v4.3.0/bin/leanc` exited with code 1
error: > /home/athena/.elan/toolchains/leanprover--lean4---v4.3.0/bin/leanc -shared -o ./.lake/packages/mathlib/.lake/build/lib/libMathlib-Tactic-CasesM-1.so ./.lake/packages/mathlib/.lake/build/ir/Mathlib/Tactic/CasesM.c.o -L./.lake/packages/mathlib/.lake/build/lib
error: stderr:
ld.lld: error: ./.lake/packages/mathlib/.lake/build/ir/Mathlib/Tactic/CasesM.c.o: unknown file type
clang: error: linker command failed with exit code 1 (use -v to see invocation)
error: external command `/home/athena/.elan/toolchains/leanprover--lean4---v4.3.0/bin/leanc` exited with code 1
error: > /home/athena/.elan/toolchains/leanprover--lean4---v4.3.0/bin/leanc -shared -o ./.lake/packages/Qq/.lake/build/lib/libQq-ForLean-Do-1.so ./.lake/packages/Qq/.lake/build/ir/Qq/ForLean/Do.c.o -L./.lake/packages/Qq/.lake/build/lib
error: stderr:
ld.lld: error: ./.lake/packages/Qq/.lake/build/ir/Qq/ForLean/Do.c.o: unknown file type
clang: error: linker command failed with exit code 1 (use -v to see invocation)
error: external command `/home/athena/.elan/toolchains/leanprover--lean4---v4.3.0/bin/leanc` exited with code 1
error: > /home/athena/.elan/toolchains/leanprover--lean4---v4.3.0/bin/leanc -shared -o ./.lake/packages/mathlib/.lake/build/lib/libMathlib-Tactic-Clear_-1.so ./.lake/packages/mathlib/.lake/build/ir/Mathlib/Tactic/Clear_.c.o -L./.lake/packages/mathlib/.lake/build/lib
error: stderr:
ld.lld: error: ./.lake/packages/mathlib/.lake/build/ir/Mathlib/Tactic/Clear_.c.o: unknown file type
clang: error: linker command failed with exit code 1 (use -v to see invocation)
error: external command `/home/athena/.elan/toolchains/leanprover--lean4---v4.3.0/bin/leanc` exited with code 1
error: > /home/athena/.elan/toolchains/leanprover--lean4---v4.3.0/bin/leanc -shared -o ./.lake/packages/mathlib/.lake/build/lib/libMathlib-Tactic-GuardHypNums-1.so ./.lake/packages/mathlib/.lake/build/ir/Mathlib/Tactic/GuardHypNums.c.o -L./.lake/packages/mathlib/.lake/build/lib
error: stderr:
ld.lld: error: ./.lake/packages/mathlib/.lake/build/ir/Mathlib/Tactic/GuardHypNums.c.o: unknown file type
clang: error: linker command failed with exit code 1 (use -v to see invocation)
error: external command `/home/athena/.elan/toolchains/leanprover--lean4---v4.3.0/bin/leanc` exited with code 1
error: > /home/athena/.elan/toolchains/leanprover--lean4---v4.3.0/bin/leanc -shared -o ./.lake/packages/mathlib/.lake/build/lib/libMathlib-Tactic-Clear!-1.so ./.lake/packages/mathlib/.lake/build/ir/Mathlib/Tactic/Clear!.c.o -L./.lake/packages/mathlib/.lake/build/lib
error: stderr:
ld.lld: error: ./.lake/packages/mathlib/.lake/build/ir/Mathlib/Tactic/Clear!.c.o: unknown file type
clang: error: linker command failed with exit code 1 (use -v to see invocation)
error: external command `/home/athena/.elan/toolchains/leanprover--lean4---v4.3.0/bin/leanc` exited with code 1
error: > /home/athena/.elan/toolchains/leanprover--lean4---v4.3.0/bin/leanc -shared -o ./.lake/packages/mathlib/.lake/build/lib/libMathlib-Tactic-Constructor-1.so ./.lake/packages/mathlib/.lake/build/ir/Mathlib/Tactic/Constructor.c.o -L./.lake/packages/mathlib/.lake/build/lib
error: stderr:
ld.lld: error: ./.lake/packages/mathlib/.lake/build/ir/Mathlib/Tactic/Constructor.c.o: unknown file type
clang: error: linker command failed with exit code 1 (use -v to see invocation)
error: external command `/home/athena/.elan/toolchains/leanprover--lean4---v4.3.0/bin/leanc` exited with code 1
error: > /home/athena/.elan/toolchains/leanprover--lean4---v4.3.0/bin/leanc -shared -o ./.lake/packages/mathlib/.lake/build/lib/libMathlib-Tactic-ClearExcept-1.so ./.lake/packages/mathlib/.lake/build/ir/Mathlib/Tactic/ClearExcept.c.o -L./.lake/packages/mathlib/.lake/build/lib
error: stderr:
ld.lld: error: ./.lake/packages/mathlib/.lake/build/ir/Mathlib/Tactic/ClearExcept.c.o: unknown file type
clang: error: linker command failed with exit code 1 (use -v to see invocation)
error: external command `/home/athena/.elan/toolchains/leanprover--lean4---v4.3.0/bin/leanc` exited with code 1
error: > /home/athena/.elan/toolchains/leanprover--lean4---v4.3.0/bin/leanc -shared -o ./.lake/packages/mathlib/.lake/build/lib/libMathlib-Util-AssertExists-1.so ./.lake/packages/mathlib/.lake/build/ir/Mathlib/Util/AssertExists.c.o -L./.lake/packages/mathlib/.lake/build/lib
error: stderr:
ld.lld: error: ./.lake/packages/mathlib/.lake/build/ir/Mathlib/Util/AssertExists.c.o: unknown file type
clang: error: linker command failed with exit code 1 (use -v to see invocation)
error: external command `/home/athena/.elan/toolchains/leanprover--lean4---v4.3.0/bin/leanc` exited with code 1
error: > /home/athena/.elan/toolchains/leanprover--lean4---v4.3.0/bin/leanc -shared -o ./.lake/packages/mathlib/.lake/build/lib/libMathlib-Tactic-GuardGoalNums-1.so ./.lake/packages/mathlib/.lake/build/ir/Mathlib/Tactic/GuardGoalNums.c.o -L./.lake/packages/mathlib/.lake/build/lib
error: stderr:
ld.lld: error: ./.lake/packages/mathlib/.lake/build/ir/Mathlib/Tactic/GuardGoalNums.c.o: unknown file type
clang: error: linker command failed with exit code 1 (use -v to see invocation)
error: external command `/home/athena/.elan/toolchains/leanprover--lean4---v4.3.0/bin/leanc` exited with code 1
error: > /home/athena/.elan/toolchains/leanprover--lean4---v4.3.0/bin/leanc -shared -o ./.lake/packages/mathlib/.lake/build/lib/libMathlib-Tactic-FailIfNoProgress-1.so ./.lake/packages/mathlib/.lake/build/ir/Mathlib/Tactic/FailIfNoProgress.c.o -L./.lake/packages/mathlib/.lake/build/lib
error: stderr:
ld.lld: error: ./.lake/packages/mathlib/.lake/build/ir/Mathlib/Tactic/FailIfNoProgress.c.o: unknown file type
clang: error: linker command failed with exit code 1 (use -v to see invocation)
error: external command `/home/athena/.elan/toolchains/leanprover--lean4---v4.3.0/bin/leanc` exited with code 1
error: > /home/athena/.elan/toolchains/leanprover--lean4---v4.3.0/bin/leanc -shared -o ./.lake/packages/mathlib/.lake/build/lib/libMathlib-Lean-Meta-Basic-1.so ./.lake/packages/mathlib/.lake/build/ir/Mathlib/Lean/Meta/Basic.c.o -L./.lake/packages/mathlib/.lake/build/lib
error: stderr:
ld.lld: error: ./.lake/packages/mathlib/.lake/build/ir/Mathlib/Lean/Meta/Basic.c.o: unknown file type
clang: error: linker command failed with exit code 1 (use -v to see invocation)
error: external command `/home/athena/.elan/toolchains/leanprover--lean4---v4.3.0/bin/leanc` exited with code 1
error: > /home/athena/.elan/toolchains/leanprover--lean4---v4.3.0/bin/leanc -shared -o ./.lake/packages/mathlib/.lake/build/lib/libMathlib-Tactic-NthRewrite-1.so ./.lake/packages/mathlib/.lake/build/ir/Mathlib/Tactic/NthRewrite.c.o -L./.lake/packages/mathlib/.lake/build/lib
error: stderr:
ld.lld: error: ./.lake/packages/mathlib/.lake/build/ir/Mathlib/Tactic/NthRewrite.c.o: unknown file type
clang: error: linker command failed with exit code 1 (use -v to see invocation)
error: external command `/home/athena/.elan/toolchains/leanprover--lean4---v4.3.0/bin/leanc` exited with code 1
error: > /home/athena/.elan/toolchains/leanprover--lean4---v4.3.0/bin/leanc -shared -o ./.lake/packages/Qq/.lake/build/lib/libQq-SortLocalDecls-1.so ./.lake/packages/Qq/.lake/build/ir/Qq/SortLocalDecls.c.o -L./.lake/packages/Qq/.lake/build/lib
error: stderr:
ld.lld: error: ./.lake/packages/Qq/.lake/build/ir/Qq/SortLocalDecls.c.o: unknown file type
clang: error: linker command failed with exit code 1 (use -v to see invocation)
error: external command `/home/athena/.elan/toolchains/leanprover--lean4---v4.3.0/bin/leanc` exited with code 1
error: > /home/athena/.elan/toolchains/leanprover--lean4---v4.3.0/bin/leanc -shared -o ./.lake/packages/mathlib/.lake/build/lib/libMathlib-Tactic-InferParam-1.so ./.lake/packages/mathlib/.lake/build/ir/Mathlib/Tactic/InferParam.c.o -L./.lake/packages/mathlib/.lake/build/lib
error: stderr:
ld.lld: error: ./.lake/packages/mathlib/.lake/build/ir/Mathlib/Tactic/InferParam.c.o: unknown file type
clang: error: linker command failed with exit code 1 (use -v to see invocation)
error: external command `/home/athena/.elan/toolchains/leanprover--lean4---v4.3.0/bin/leanc` exited with code 1
error: > /home/athena/.elan/toolchains/leanprover--lean4---v4.3.0/bin/leanc -shared -o ./.lake/packages/mathlib/.lake/build/lib/libMathlib-Tactic-Set-1.so ./.lake/packages/mathlib/.lake/build/ir/Mathlib/Tactic/Set.c.o -L./.lake/packages/mathlib/.lake/build/lib
error: stderr:
ld.lld: error: ./.lake/packages/mathlib/.lake/build/ir/Mathlib/Tactic/Set.c.o: unknown file type
clang: error: linker command failed with exit code 1 (use -v to see invocation)
error: external command `/home/athena/.elan/toolchains/leanprover--lean4---v4.3.0/bin/leanc` exited with code 1
error: > /home/athena/.elan/toolchains/leanprover--lean4---v4.3.0/bin/leanc -shared -o ./.lake/packages/mathlib/.lake/build/lib/libMathlib-Lean-SMap-1.so ./.lake/packages/mathlib/.lake/build/ir/Mathlib/Lean/SMap.c.o -L./.lake/packages/mathlib/.lake/build/lib
error: stderr:
ld.lld: error: ./.lake/packages/mathlib/.lake/build/ir/Mathlib/Lean/SMap.c.o: unknown file type
clang: error: linker command failed with exit code 1 (use -v to see invocation)
error: external command `/home/athena/.elan/toolchains/leanprover--lean4---v4.3.0/bin/leanc` exited with code 1
error: > /home/athena/.elan/toolchains/leanprover--lean4---v4.3.0/bin/leanc -shared -o ./.lake/packages/mathlib/.lake/build/lib/libMathlib-Tactic-TypeCheck-1.so ./.lake/packages/mathlib/.lake/build/ir/Mathlib/Tactic/TypeCheck.c.o -L./.lake/packages/mathlib/.lake/build/lib
error: stderr:
ld.lld: error: ./.lake/packages/mathlib/.lake/build/ir/Mathlib/Tactic/TypeCheck.c.o: unknown file type
clang: error: linker command failed with exit code 1 (use -v to see invocation)
error: external command `/home/athena/.elan/toolchains/leanprover--lean4---v4.3.0/bin/leanc` exited with code 1
error: > /home/athena/.elan/toolchains/leanprover--lean4---v4.3.0/bin/leanc -shared -o ./.lake/packages/mathlib/.lake/build/lib/libMathlib-Util-AtomM-1.so ./.lake/packages/mathlib/.lake/build/ir/Mathlib/Util/AtomM.c.o -L./.lake/packages/mathlib/.lake/build/lib
error: stderr:
ld.lld: error: ./.lake/packages/mathlib/.lake/build/ir/Mathlib/Util/AtomM.c.o: unknown file type
clang: error: linker command failed with exit code 1 (use -v to see invocation)
error: external command `/home/athena/.elan/toolchains/leanprover--lean4---v4.3.0/bin/leanc` exited with code 1
error: > /home/athena/.elan/toolchains/leanprover--lean4---v4.3.0/bin/leanc -shared -o ./.lake/packages/mathlib/.lake/build/lib/libMathlib-Tactic-SudoSetOption-1.so ./.lake/packages/mathlib/.lake/build/ir/Mathlib/Tactic/SudoSetOption.c.o -L./.lake/packages/mathlib/.lake/build/lib
error: stderr:
ld.lld: error: ./.lake/packages/mathlib/.lake/build/ir/Mathlib/Tactic/SudoSetOption.c.o: unknown file type
clang: error: linker command failed with exit code 1 (use -v to see invocation)
error: external command `/home/athena/.elan/toolchains/leanprover--lean4---v4.3.0/bin/leanc` exited with code 1
error: > /home/athena/.elan/toolchains/leanprover--lean4---v4.3.0/bin/leanc -shared -o ./.lake/packages/mathlib/.lake/build/lib/libMathlib-Tactic-UnsetOption-1.so ./.lake/packages/mathlib/.lake/build/ir/Mathlib/Tactic/UnsetOption.c.o -L./.lake/packages/mathlib/.lake/build/lib
error: stderr:
ld.lld: error: ./.lake/packages/mathlib/.lake/build/ir/Mathlib/Tactic/UnsetOption.c.o: unknown file type
clang: error: linker command failed with exit code 1 (use -v to see invocation)
error: external command `/home/athena/.elan/toolchains/leanprover--lean4---v4.3.0/bin/leanc` exited with code 1
error: > /home/athena/.elan/toolchains/leanprover--lean4---v4.3.0/bin/leanc -shared -o ./.lake/packages/mathlib/.lake/build/lib/libMathlib-Tactic-Rename-1.so ./.lake/packages/mathlib/.lake/build/ir/Mathlib/Tactic/Rename.c.o -L./.lake/packages/mathlib/.lake/build/lib
error: stderr:
ld.lld: error: ./.lake/packages/mathlib/.lake/build/ir/Mathlib/Tactic/Rename.c.o: unknown file type
clang: error: linker command failed with exit code 1 (use -v to see invocation)
error: external command `/home/athena/.elan/toolchains/leanprover--lean4---v4.3.0/bin/leanc` exited with code 1
error: build cycle detected:
  +CondensedTEL.UIObservationSite:lean.transImports
  +CondensedTEL.PullbackLemmas:lean.transImports
  +CondensedTEL.PullbackLemmas:lean.precompileImports
  +CondensedTEL.PullbackLemmas:deps
  +CondensedTEL.PullbackLemmas:leanArts
  condensed_tel/CondensedTEL:leanLib.leanArts
  +CondensedTEL.UIObservationSite:lean.transImports
[187/2670] Compiling Mathlib.Util.AddRelatedDecl
[191/2670] Linking Std.Lean.Name
[191/2670] Linking Std.Lean.InfoTree
[194/2670] Linking Std.Lean.Position
[194/2670] Linking Std.Lean.Command
[194/2670] Linking Std.Util.TermUnsafe
[195/2670] Linking Std.Lean.TagAttribute
[196/2670] Linking Std.Tactic.Unreachable
[196/2670] Linking Std.Tactic.SeqFocus
[196/2670] Linking Std.Lean.Float
[196/2670] Linking Std.Tactic.ByCases
[196/2670] Linking Std.Lean.LocalContext
[196/2670] Linking Std.Lean.Tactic
[196/2670] Linking Std.Lean.Parser
[196/2670] Linking Std.Tactic.OpenPrivate
[197/2670] Linking Std.Lean.PersistentHashMap
[197/2670] Linking Std.Lean.NameMapAttribute
[197/2670] Linking Std.Classes.Dvd
[197/2670] Linking Std.Data.Ord
[197/2670] Linking Mathlib.Mathport.Rename
[197/2670] Linking Std.WF
[197/2670] Linking Std.Lean.Meta.Expr
[197/2670] Linking Std.Classes.BEq
[197/2670] Linking Std.Util.LibraryNote
[197/2670] Linking Std.Lean.Delaborator
[197/2670] Linking Std.Data.Array.Init.Basic
[197/2670] Linking Std.Lean.Elab.Tactic
[197/2670] Linking Std.Util.ExtendedBinder
[197/2670] Linking Std.Tactic.RCases
[197/2670] Linking Std.Data.DList
[197/2670] Linking Std.Control.ForInStep.Basic
[197/2670] Linking Std.Tactic.HaveI
[197/2670] Linking Std.Util.ProofWanted
[197/2670] Linking Std.Lean.CoreM
[197/2670] Linking Std.Data.Fin.Init.Lemmas
[197/2670] Linking Std.Data.Option.Init.Lemmas
[197/2670] Linking Std.Lean.HashMap
[197/2670] Linking Std.Lean.HashSet
[197/2670] Linking Std.Lean.Expr
[197/2670] Linking Std.Lean.MonadBacktrack
[197/2670] Linking Std.Tactic.Instances
[197/2670] Linking Std.Lean.Meta.Inaccessible
[197/2670] Linking Std.Data.Prod.Lex
[197/2670] Linking Std.Lean.PersistentHashSet
[197/2670] Linking Std.Tactic.Exact
[197/2670] Linking Std.Data.MLList.Basic
[197/2670] Linking Std.Tactic.Change
[197/2670] Linking Std.Tactic.Case
[197/2670] Linking Std.Tactic.LabelAttr
[197/2670] Linking Std.Lean.Util.Path
[197/2670] Linking Std.Tactic.Replace
[197/2670] Linking Mathlib.Util.MemoFix
[197/2670] Linking Mathlib.Tactic.Coe
[197/2670] Linking Std.Tactic.LeftRight
[197/2670] Linking Mathlib.Lean.EnvExtension
[197/2670] Linking Mathlib.Mathport.Attributes
[197/2670] Linking Mathlib.Util.WithWeakNamespace
[197/2670] Linking Mathlib.Data.Array.Defs
[197/2670] Linking Mathlib.Util.Syntax
[197/2670] Linking Mathlib.Init.Data.Nat.Notation
[197/2670] Linking Mathlib.Tactic.Spread
[197/2670] Linking Mathlib.Tactic.Substs
[197/2670] Linking Mathlib.Lean.Elab.Term
[197/2670] Linking Mathlib.Lean.PrettyPrinter.Delaborator
[197/2670] Linking Std.Tactic.Where
[197/2670] Linking Mathlib.Tactic.Classical
[197/2670] Linking Aesop.Check
[197/2670] Linking Aesop.Nanos
[197/2670] Linking Mathlib.Tactic.SimpRw
[197/2670] Linking Aesop.Frontend.Basic
[197/2670] Linking Aesop.Percent
[197/2670] Linking Aesop.Frontend.ElabM
[197/2670] Linking Qq.Typ
[197/2670] Linking Aesop.Options.Public
[197/2670] Linking Qq.ForLean.ToExpr
[197/2670] Linking Qq.ForLean.ReduceEval
[197/2670] Linking Mathlib.Tactic.Clear_
[197/2670] Linking Qq.ForLean.Do
[197/2670] Linking Mathlib.Tactic.CasesM
[197/2670] Linking Mathlib.Tactic.Clear!
[197/2670] Linking Mathlib.Tactic.Constructor
[197/2670] Linking Mathlib.Tactic.ClearExcept
[197/2670] Linking Mathlib.Tactic.GuardHypNums
[197/2670] Linking Mathlib.Util.AssertExists
[197/2670] Linking Mathlib.Tactic.FailIfNoProgress
[197/2670] Linking Mathlib.Tactic.GuardGoalNums
[197/2670] Linking Mathlib.Tactic.NthRewrite
[197/2670] Linking Mathlib.Tactic.InferParam
[197/2670] Linking Mathlib.Lean.Meta.Basic
[197/2670] Linking Qq.SortLocalDecls
[197/2670] Linking Mathlib.Tactic.Set
[206/2670] Linking Mathlib.Lean.SMap
[206/2670] Linking Mathlib.Tactic.TypeCheck
[209/2670] Linking Mathlib.Tactic.Rename
[209/2670] Linking Mathlib.Tactic.UnsetOption
[209/2670] Linking Mathlib.Util.AtomM
[209/2670] Linking Mathlib.Tactic.SudoSetOption
[218/2830] Linking Mathlib.Util.AddRelatedDecl
[351/3036] Building CondensedTEL.NullSTH
[387/3036] Compiling Mathlib.CategoryTheory.ConcreteCategory.Bundled
[856/3380] Compiling Mathlib.Logic.Leerror: > LEAN_PATH=./.lake/packages/std/.lake/build/lib:./.lake/packages/Qq/.lake/build/lib:./.lake/packages/aesop/.lake/build/lib:./.lake/packages/proofwidgets/.lake/build/lib:./.lake/packages/Cli/.lake/build/lib:./.lake/packages/mathlib/.lake/build/lib:./.lake/build/lib LD_LIBRARY_PATH=./.lake/build/lib /home/athena/.elan/toolchains/leanprover--lean4---v4.3.0/bin/lean ./././CondensedTEL/NullSTH.lean -R ././. -o ./.lake/build/lib/CondensedTEL/NullSTH.olean -i ./.lake/build/lib/CondensedTEL/NullSTH.ilean -c ./.lake/build/ir/CondensedTEL/NullSTH.c
error: stdout:
./././CondensedTEL/NullSTH.lean:1:0: error: expected token
./././CondensedTEL/NullSTH.lean:5:0: error: invalid 'import' command, it must be used in the beginning of the file
error: external command `/home/athena/.elan/toolchains/leanprover--lean4---v4.3.0/bin/lean` exited with code 1
mmas
[875/3380] Compiling Mathlib.Tactic.Continuity.Init
[875/3380] Compiling Mathlib.CategoryTheory.Category.Init
[924/3380] Compiling Mathlib.Tactic.Continuity
[927/3380] Compiling Mathlib.Algebra.Homology.ComplexShape
[983/3380] Compiling Mathlib.Algebra.Group.Ext
[989/3380] Compiling Mathlib.Data.Opposite
[1002/3380] Compiling Mathlib.Logic.Small.Defs
[1023/3380] Compiling Mathlib.Logic.UnivLE
[1023/3380] Compiling Mathlib.Combinatorics.Quiver.Basic
[1035/3380] Compiling Mathlib.Combinatorics.Quiver.Push
[1048/3380] Compiling Mathlib.Combinatorics.Quiver.Path
[1073/3380] Compiling Mathlib.Order.Iterate
[1082/3380] Compiling Mathlib.Combinatorics.Quiver.Symmetric
[1092/3380] Compiling Mathlib.Algebra.Group.ULift
[1123/3380] Compiling Mathlib.Data.Prod.Lex
[1133/3380] Compiling Mathlib.Data.Nat.Cast.Prod
[1183/3380] Compiling Mathlib.Algebra.Order.Monoid.Prod
[1227/3380] Compiling Mathlib.CategoryTheory.Category.Basic
[1227/3380] Compiling Mathlib.Algebra.Order.Group.Prod
[1235/3380] Compiling Mathlib.CategoryTheory.Functor.Basic
[1240/3380] Compiling Mathlib.Tactic.CategoryTheory.Slice
[1242/3380] Compiling Mathlib.Algebra.Order.Group.MinMax
[1254/3380] Compiling Mathlib.Algebra.Order.Ring.InjSurj
[1254/3380] Compiling Mathlib.Tactic.CategoryTheory.Reassoc
[1266/3380] Compiling Mathlib.CategoryTheory.NatTrans
[1266/3380] Compiling Mathlib.CategoryTheory.Iso
[1279/3380] Compiling Mathlib.Algebra.Order.Ring.WithTop
[1285/3380] Compiling Mathlib.CategoryTheory.Functor.Category
[1300/3380] Compiling Mathlib.Data.Set.BoolIndicator
[1325/3380] Compiling Mathlib.CategoryTheory.Thin
[1326/3380] Compiling Mathlib.CategoryTheory.NatIso
[1339/3380] Compiling Mathlib.CategoryTheory.Bicategory.Basic
[1351/3380] Compiling Mathlib.CategoryTheory.Functor.FullyFaithful
[1360/3380] Compiling Mathlib.Data.Int.Cast.Prod
[1378/3380] Compiling Mathlib.CategoryTheory.FullSubcategory
[1380/3380] Compiling Mathlib.CategoryTheory.Whiskering
[1395/3380] Compiling Mathlib.Logic.Small.Basic
[1405/3380] Compiling Mathlib.CategoryTheory.EssentialImage
[1427/3380] Compiling Mathlib.Algebra.Ring.ULift
[1435/3380] Compiling Mathlib.Algebra.Ring.Prod
[1440/3380] Compiling Mathlib.CategoryTheory.Equivalence
[1468/3380] Compiling Mathlib.CategoryTheory.Opposites
[1469/3380] Compiling Mathlib.CategoryTheory.Adjunction.Basic
[1477/3380] Compiling Mathlib.CategoryTheory.Category.Preorder
[1488/3380] Compiling Mathlib.CategoryTheory.Functor.Const
[1491/3380] Compiling Mathlib.CategoryTheory.EqToHom
[1514/3380] Compiling Mathlib.CategoryTheory.Comma
[1524/3380] Compiling Mathlib.Data.Nat.Cast.Field
[1524/3380] Compiling Mathlib.CategoryTheory.Bicategory.Strict
[1524/3380] Compiling Mathlib.CategoryTheory.Pi.Basic
[1526/3380] Compiling Mathlib.CategoryTheory.DiscreteCategory
[1526/3380] Compiling Mathlib.CategoryTheory.Category.ULift
[1538/3380] Compiling Mathlib.Data.Set.Accumulate
[1540/3380] Compiling Mathlib.Data.Set.Intervals.Disjoint
[1543/3380] Compiling Mathlib.CategoryTheory.Products.Basic
[1556/3380] Compiling Mathlib.Data.Set.UnionLift
[1557/3380] Compiling Mathlib.CategoryTheory.Arrow
[1562/3380] Compiling Mathlib.CategoryTheory.PUnit
[1563/3380] Compiling Mathlib.CategoryTheory.PEmpty
[1573/3380] Compiling Mathlib.Algebra.CharZero.Lemmas
[1583/3380] Compiling Mathlib.Order.Copy
[1587/3380] Compiling Mathlib.CategoryTheory.Products.Bifunctor
[1590/3380] Compiling Mathlib.CategoryTheory.Monoidal.Category
[1603/3380] Compiling Mathlib.GroupTheory.Subsemigroup.Membership
[1604/3380] Compiling Mathlib.CategoryTheory.CommSq
[1610/3380] Compiling Mathlib.Control.Traversable.Instances
[1625/3380] Compiling Mathlib.CategoryTheory.Groupoid
[1630/3380] Compiling Mathlib.Algebra.Order.Hom.Basic
[1630/3380] Compiling Mathlib.CategoryTheory.Functor.Currying
[1634/3380] Compiling Mathlib.CategoryTheory.LiftingProperties.Basic
[1648/3380] Compiling Mathlib.CategoryTheory.Monoidal.Functor
[1653/3380] Compiling Mathlib.Order.Minimal
[1654/3380] Compiling Mathlib.Order.SuccPred.Basic
[1657/3380] Compiling Mathlib.CategoryTheory.EpiMono
[1667/3380] Compiling Mathlib.Algebra.Order.AbsoluteValue
[1669/3380] Compiling Mathlib.CategoryTheory.Endomorphism
[1671/3380] Compiling Mathlib.CategoryTheory.LiftingProperties.Adjunction
[1680/3380] Compiling Mathlib.CategoryTheory.Monoidal.End
[1682/3380] Compiling Mathlib.Order.SuccPred.Relation
[1682/3380] Compiling Mathlib.Data.List.FinRange
[1687/3380] Compiling Mathlib.CategoryTheory.Balanced
[1693/3380] Compiling Mathlib.CategoryTheory.Monoidal.NaturalTransformation
[1705/3380] Compiling Mathlib.CategoryTheory.Conj
[1711/3380] Compiling Mathlib.CategoryTheory.Types
[1714/3380] Compiling Mathlib.CategoryTheory.Monoidal.Discrete
[1715/3380] Compiling Mathlib.CategoryTheory.Limits.Shapes.StrongEpi
[1721/3380] Compiling Mathlib.Order.ZornAtoms
[1725/3380] Compiling Mathlib.Data.Multiset.Sort
[1733/3380] Compiling Mathlib.CategoryTheory.Functor.Hom
[1741/3380] Compiling Mathlib.CategoryTheory.Category.Cat
[1745/3380] Compiling Mathlib.CategoryTheory.Functor.EpiMono
[1758/3380] Compiling Mathlib.CategoryTheory.Functor.ReflectsIso
[1758/3380] Compiling Mathlib.CategoryTheory.Yoneda
[1759/3380] Compiling Mathlib.CategoryTheory.IsomorphismClasses
[1775/3380] Compiling Mathlib.CategoryTheory.Adjunction.FullyFaithful
[1784/3380] Compiling Mathlib.CategoryTheory.Limits.Cones
[1784/3380] Compiling Mathlib.CategoryTheory.Skeletal
[1784/3380] Compiling Mathlib.CategoryTheory.Adjunction.Opposites
[1794/3380] Compiling Mathlib.CategoryTheory.Limits.IsLimit
[1798/3380] Compiling Mathlib.CategoryTheory.Adjunction.Reflective
[1804/3380] Compiling Mathlib.CategoryTheory.EssentiallySmall
[1804/3380] Compiling Mathlib.Algebra.GroupRingAction.Subobjects
[1819/3380] Compiling Mathlib.CategoryTheory.Limits.HasLimits
[1819/3380] Compiling Mathlib.Algebra.Module.ULift
[1827/3380] Compiling Mathlib.CategoryTheory.Limits.Unit
[1827/3380] Compiling Mathlib.CategoryTheory.Limits.Shapes.Equalizers
[1829/3380] Compiling Mathlib.CategoryTheory.Limits.Preserves.Basic
[1834/3380] Compiling Mathlib.CategoryTheory.Limits.Shapes.Products
[1835/3380] Compiling Mathlib.CategoryTheory.Limits.Shapes.WidePullbacks
[1839/3380] Compiling Mathlib.CategoryTheory.Limits.Shapes.Terminal
[1842/3380] Compiling Mathlib.CategoryTheory.Limits.Shapes.SplitCoequalizer
[1843/3380] Compiling Mathlib.CategoryTheory.Limits.Creates
[1850/3380] Compiling Mathlib.CategoryTheory.Limits.Shapes.ZeroObjects
[1853/3380] Compiling Mathlib.CategoryTheory.Limits.Preserves.Shapes.Products
[1859/3380] Compiling Mathlib.CategoryTheory.StructuredArrow
[1859/3380] Compiling Mathlib.CategoryTheory.Limits.Preserves.Shapes.Terminal
[1862/3380] Compiling Mathlib.CategoryTheory.Adjunction.Limits
[1867/3380] Compiling Mathlib.CategoryTheory.Limits.Preserves.Shapes.Equalizers
[1873/3380] Compiling Mathlib.CategoryTheory.Adjunction.Comma
[1878/3380] Compiling Mathlib.CategoryTheory.Limits.Shapes.Equivalence
[1879/3380] Compiling Mathlib.CategoryTheory.Over
[1888/3380] Compiling Mathlib.CategoryTheory.Limits.Shapes.BinaryProducts
[1888/3380] Compiling Mathlib.Data.Fintype.Option
[1895/3380] Compiling Mathlib.CategoryTheory.Limits.ConeCategory
[1897/3380] Compiling Mathlib.CategoryTheory.FinCategory
[1905/3380] Compiling Mathlib.CategoryTheory.Limits.Preserves.Shapes.BinaryProducts
[1909/3380] Compiling Mathlib.CategoryTheory.Limits.Shapes.Pullbacks
[1910/3380] Compiling Mathlib.CategoryTheory.Limits.Shapes.Multiequalizer
[1913/3380] Compiling Mathlib.CategoryTheory.Limits.Preserves.Finite
[1917/3380] Compiling Mathlib.CategoryTheory.Limits.Constructions.Pullbacks
[1929/3380] Compiling Mathlib.CategoryTheory.Limits.ExactFunctor
[1933/3380] Compiling Mathlib.CategoryTheory.Limits.Preserves.Shapes.Pullbacks
[1933/3380] Compiling Mathlib.CategoryTheory.Sites.Sieves
[1934/3380] Compiling Mathlib.CategoryTheory.Limits.Shapes.Images
[1937/3380] Compiling Mathlib.CategoryTheory.Filtered.Basic
[1940/3380] Compiling Mathlib.Data.Finset.Sort
[1941/3380] Compiling Mathlib.CategoryTheory.Limits.Shapes.FiniteLimits
[1946/3380] Compiling Mathlib.CategoryTheory.Limits.Shapes.RegularMono
[1950/3380] Compiling Mathlib.CategoryTheory.Limits.Constructions.EpiMono
[1955/3380] Compiling Mathlib.CategoryTheory.Limits.Constructions.BinaryProducts
[1955/3380] Compiling Mathlib.CategoryTheory.Limits.Constructions.Equalizers
[1956/3380] Compiling Mathlib.CategoryTheory.Limits.Filtered
[1961/3380] Compiling Mathlib.CategoryTheory.Limits.Shapes.FiniteProducts
[1962/3380] Compiling Mathlib.CategoryTheory.Limits.Shapes.ZeroMorphisms
[1964/3380] Compiling Mathlib.Logic.Equiv.List
[1967/3380] Compiling Mathlib.CategoryTheory.ConcreteCategory.Basic
[1969/3380] Compiling Mathlib.CategoryTheory.Sites.Grothendieck
[1974/3380] Compiling Mathlib.Algebra.BigOperators.Option
[1975/3380] Compiling Mathlib.CategoryTheory.Limits.Preserves.Shapes.Zero
[1982/3380] Compiling Mathlib.CategoryTheory.Limits.Comma
[1982/3380] Compiling Mathlib.Algebra.BigOperators.Order
[1984/3380] Compiling Mathlib.CategoryTheory.Limits.Constructions.ZeroObjects
[1986/3380] Compiling Mathlib.CategoryTheory.Limits.Constructions.FiniteProductsOfBinaryProducts
[1990/3380] Compiling Mathlib.Algebra.BigOperators.Ring
[1991/3380] Compiling Mathlib.CategoryTheory.ConcreteCategory.BundledHom
[1995/3380] Compiling Mathlib.Tactic.CategoryTheory.Elementwise
[1996/3380] Compiling Mathlib.Algebra.Homology.ShortComplex.Basic
[1997/3380] Compiling Mathlib.CategoryTheory.Limits.Shapes.Kernels
[2001/3380] Compiling Mathlib.CategoryTheory.Limits.Over
[2007/3380] Compiling Mathlib.Order.Filter.Basic
[2007/3380] Compiling Mathlib.CategoryTheory.Shift.Basic
[2014/3380] Compiling Mathlib.Data.Fintype.BigOperators
[2015/3380] Compiling Mathlib.CategoryTheory.Limits.Constructions.LimitsOfProductsAndEqualizers
[2021/3380] Compiling Mathlib.Data.Set.Countable
[2021/3380] Compiling Mathlib.CategoryTheory.Preadditive.Basic
[2022/3380] Compiling Mathlib.CategoryTheory.Limits.Shapes.Biproducts
[2023/3380] Compiling Mathlib.CategoryTheory.Abelian.Images
[2031/3380] Compiling Mathlib.CategoryTheory.Elementwise
[2032/3380] Compiling Mathlib.Algebra.Homology.ShortComplex.LeftHomology
[2035/3380] Compiling Mathlib.CategoryTheory.Limits.Opposites
[2036/3380] Compiling Mathlib.CategoryTheory.Limits.Shapes.NormalMono.Basic
[2037/3380] Compiling Mathlib.CategoryTheory.Limits.Preserves.Shapes.Kernels
[2039/3380] Compiling Mathlib.Order.Filter.Prod
[2044/3380] Compiling Mathlib.CategoryTheory.Subobject.MonoOver
[2045/3380] Compiling Mathlib.RingTheory.NonUnitalSubsemiring.Basic
[2046/3380] Compiling Mathlib.CategoryTheory.GradedObject
[2049/3380] Compiling Mathlib.CategoryTheory.Preadditive.FunctorCategory
[2050/3380] Compiling Mathlib.Algebra.Support
[2056/3380] Compiling Mathlib.CategoryTheory.Limits.Preserves.Shapes.Biproducts
[2060/3380] Compiling Mathlib.Algebra.Homology.ShortComplex.RightHomology
[2061/3380] Compiling Mathlib.Order.Filter.Bases
[2063/3380] Compiling Mathlib.CategoryTheory.Limits.Shapes.NormalMono.Equalizers
[2066/3380] Compiling Mathlib.Algebra.IndicatorFunction
[2066/3380] Compiling Mathlib.RingTheory.Subsemiring.Basic
[2072/3380] Compiling Mathlib.CategoryTheory.Limits.Shapes.CommSq
[2073/3380] Compiling Mathlib.Algebra.Homology.ShortComplex.Homology
[2076/3380] Compiling Mathlib.Order.Filter.Pi
[2079/3380] Compiling Mathlib.Order.Filter.Lift
[2084/3380] Compiling Mathlib.CategoryTheory.Subobject.Basic
[2084/3380] Compiling Mathlib.Order.Filter.AtTopBot
[2086/3380] Compiling Mathlib.CategoryTheory.Preadditive.Biproducts
[2087/3380] Compiling Mathlib.RingTheory.Subring.Basic
[2088/3380] Compiling Mathlib.CategoryTheory.Abelian.NonPreadditive
[2094/3380] Compiling Mathlib.Data.Finsupp.Defs
[2094/3380] Compiling Mathlib.Algebra.Homology.ShortComplex.QuasiIso
[2099/3380] Compiling Mathlib.CategoryTheory.Limits.Shapes.KernelPair
[2100/3380] Compiling Mathlib.Order.Filter.SmallSets
[2107/3380] Compiling Mathlib.CategoryTheory.Subobject.WellPowered
[2108/3380] Compiling Mathlib.CategoryTheory.Subobject.FactorThru
[2109/3380] Compiling Mathlib.Order.Filter.Cofinite
[2110/3380] Compiling Mathlib.CategoryTheory.Preadditive.AdditiveFunctor
[2111/3380] Compiling Mathlib.Data.Finsupp.Indicator
[2112/3380] Compiling Mathlib.Data.Finsupp.Fin
[2116/3380] Compiling Mathlib.Data.Fin.Interval
[2120/3380] Compiling Mathlib.CategoryTheory.Abelian.Basic
[2122/3380] Compiling Mathlib.CategoryTheory.Limits.Shapes.Diagonal
[2125/3380] Compiling Mathlib.Algebra.Homology.ShortComplex.PreservesHomology
[2129/3380] Compiling Mathlib.Topology.Bornology.Basic
[2131/3380] Compiling Mathlib.CategoryTheory.Preadditive.LeftExact
[2132/3380] Compiling Mathlib.Order.Filter.Ultrafilter
[2134/3380] Compiling Mathlib.CategoryTheory.Subobject.Lattice
[2135/3380] Compiling Mathlib.Data.Fintype.Fin
[2138/3380] Compiling Mathlib.Algebra.Algebra.Basic
[2143/3380] Compiling Mathlib.CategoryTheory.Subobject.Limits
[2146/3380] Compiling Mathlib.CategoryTheory.MorphismProperty
[2147/3380] Compiling Mathlib.Algebra.BigOperators.Fin
[2148/3380] Compiling Mathlib.Topology.Basic
[2150/3380] Compiling Mathlib.Algebra.Homology.ImageToKernel
[2152/3380] Compiling Mathlib.Algebra.Homology.HomologicalComplex
[2157/3380] Compiling Mathlib.Topology.NhdsSet
[2158/3380] Compiling Mathlib.Topology.Order
[2160/3380] Compiling Mathlib.Algebra.Homology.Exact
[2162/3380] Compiling Mathlib.Algebra.BigOperators.Finsupp
[2166/3380] Compiling Mathlib.Algebra.Homology.Homology
[2171/3380] Compiling Mathlib.Topology.Maps
[2173/3380] Compiling Mathlib.Algebra.Algebra.Hom
[2178/3380] Compiling Mathlib.CategoryTheory.Preadditive.Projective
[2184/3380] Compiling Mathlib.Algebra.Homology.ShortComplex.Abelian
[2184/3380] Compiling Mathlib.Algebra.Algebra.Equiv
[2185/3380] Compiling Mathlib.Topology.Constructions
[2190/3380] Compiling Mathlib.CategoryTheory.Preadditive.Injective
[2193/3380] Compiling Mathlib.Topology.ContinuousOn
[2197/3380] Compiling Mathlib.Logic.Equiv.TransferInstance
[2202/3380] Compiling Mathlib.Topology.Bases
[2202/3380] Compiling Mathlib.Topology.Inseparable
[2207/3380] Compiling Mathlib.Topology.Irreducible
[2207/3380] Compiling Mathlib.Topology.Clopen
[2208/3380] Compiling Mathlib.Topology.LocallyFinite
[2211/3380] Compiling Mathlib.CategoryTheory.Preadditive.Opposite
[2211/3380] Building CondensedTEL.ChainComplex
[2215/3380] Compiling Mathlib.Topology.Connected.Basic
[2216/3380] Compiling Mathlib.Topology.Compactness.Compact
[2217/3380] Compiling Mathlib.CategoryTheory.Abelian.Opposite
[2222/3380] Compiling Mathlib.Topology.Connected.TotallyDisconnected
[2222/3380] Compiling Mathlib.Topology.Connected.LocallyConnected
[2223/3380] Compiling Mathlib.Topology.Compactness.LocallyCompact
[2226/3380] Compiling Mathlib.Topology.Compactness.SigmaCompact
[2230/3380] Compiling Mathlib.CategoryTheory.Abelian.Exact
[2232/3380] Compiling Mathlib.Topology.Separation
[2233/3380] Compiling Mathlib.Algebra.Homology.ShortComplex.Exact
[2236/3380] Compiling Mathlib.Topology.Support
[2237/3380] Compiling Mathlib.Topology.DenseEmbedding
[2240/3380] Compiling Mathlib.Topology.Homeomorph
[2244/3380] Compiling Mathlib.Topology.ContinuousFunction.Basic
[2248/3380] Compiling Mathlib.Topology.Category.TopCat.Basic
[2250/3380] Building CondensedTEL.FrameWindow
stdout:
./././CondensedTEL/FrameWindow.lean:171:0: warning: declaration uses 'sorry'
./././CondensedTEL/FrameWindow.lean:235:51: warning: unused variable `h` [linter.unusedVariables]
./././CondensedTEL/FrameWindow.lean:261:4: warning: declaration uses 'sorry'
./././CondensedTEL/FrameWindow.lean:337:4: warning: declaration uses 'sorry'
./././CondensedTEL/FrameWindow.lean:337:4: warning: declaration uses 'sorry'
./././CondensedTEL/FrameWindow.lean:337:4: warning: declaration uses 'sorry'
./././CondensedTEL/FrameWindow.lean:337:4: warning: declaration uses 'sorry'
./././CondensedTEL/FrameWindow.lean:337:4: warning: declaration uses 'sorry'
./././CondensedTEL/FrameWindow.lean:337:4: warning: declaration uses 'sorry'
./././CondensedTEL/FrameWindow.lean:354:18: warning: declaration uses 'sorry'
./././CondensedTEL/FrameWindow.lean:354:18: warning: declaration uses 'sorry'
./././CondensedTEL/FrameWindow.lean:354:18: warning: declaration uses 'sorry'
./././CondensedTEL/FrameWindow.lean:354:18: warning: declaration uses 'sorry'
./././CondensedTEL/FrameWindow.lean:354:18: warning: declaration uses 'sorry'
[2264/3380] Compiling CondensedTEL.FrameWindow
